2023-10-11 21:22:40,855 [INFO] Activator:176 - 


2023-10-11 21:22:40,859 [INFO] Activator:177 - !SESSION log4j initialized
2023-10-11 21:22:43,164 [INFO] LogOutputStream:77 - [STDOUT_REDIRECT] 
2023-10-11 21:22:44,831 [INFO] ApplicationProperties:184 - Using Application install path: C:\ST\STM32CubeIDE_1.13.1\STM32CubeIDE\plugins\com.st.stm32cube.common.mx_6.9.1.202307191849
2023-10-11 21:22:44,843 [INFO] DbMcusXml:78 - Set database path to: C:\ST\STM32CubeIDE_1.13.1\STM32CubeIDE\plugins\com.st.stm32cube.common.mx_6.9.1.202307191849\\db\/mcu/
2023-10-11 21:22:44,843 [INFO] ApiDb:274 - Set plugin database path to: C:\ST\STM32CubeIDE_1.13.1\STM32CubeIDE\plugins\com.st.stm32cube.common.mx_6.9.1.202307191849\\db\/plugins/boardmanager/
2023-10-11 21:22:44,843 [WARN] ApiDb:259 - Overriding images path with different value:  => C:\ST\STM32CubeIDE_1.13.1\STM32CubeIDE\plugins\com.st.stm32cube.common.mx_6.9.1.202307191849\\db\/plugins/mcufinder/images/
2023-10-11 21:22:44,849 [INFO] ApiDb:250 - Set database path to: C:\Users\Compumax\.stmcufinder\plugins\mcufinder//mcu/
2023-10-11 21:22:44,850 [INFO] DbMcusAds:125 - Set database path to: C:\Users\Compumax\.stmcufinder\plugins\mcufinder//mcu/
2023-10-11 21:22:44,851 [INFO] CrossReferenceDbSqlite:203 - Set database path to: C:\Users\Compumax\.stmcufinder\plugins\mcufinder//mcu/cs/
2023-10-11 21:22:44,925 [INFO] RulesReader:64 - Compatibility file has been processed (293 Rules)
2023-10-11 21:22:44,973 [INFO] DbMcusXml:78 - Set database path to: C:\ST\STM32CubeIDE_1.13.1\STM32CubeIDE\plugins\com.st.stm32cube.common.mx_6.9.1.202307191849\\db\/mcu/
2023-10-11 21:22:44,973 [INFO] ApiDb:274 - Set plugin database path to: C:\ST\STM32CubeIDE_1.13.1\STM32CubeIDE\plugins\com.st.stm32cube.common.mx_6.9.1.202307191849\\db\/plugins/boardmanager/
2023-10-11 21:22:44,973 [INFO] ApiDb:261 - Set plugin images path to: C:\ST\STM32CubeIDE_1.13.1\STM32CubeIDE\plugins\com.st.stm32cube.common.mx_6.9.1.202307191849\\db\/plugins/mcufinder/images/
2023-10-11 21:22:44,974 [WARN] DbFile:41 - Overriding database path with different value: C:\Users\Compumax\.stmcufinder\plugins\mcufinder/ => C:\Users\Compumax\.stmcufinder\plugins\mcufinder
2023-10-11 21:22:44,974 [INFO] ApiDb:250 - Set database path to: C:\Users\Compumax\.stmcufinder\plugins\mcufinder//mcu/
2023-10-11 21:22:44,974 [WARN] DbFile:41 - Overriding database path with different value: C:\Users\Compumax\.stmcufinder\plugins\mcufinder/ => C:\Users\Compumax\.stmcufinder\plugins\mcufinder
2023-10-11 21:22:44,974 [INFO] DbMcusAds:125 - Set database path to: C:\Users\Compumax\.stmcufinder\plugins\mcufinder//mcu/
2023-10-11 21:22:44,974 [WARN] DbFile:41 - Overriding database path with different value: C:\Users\Compumax\.stmcufinder\plugins\mcufinder/ => C:\Users\Compumax\.stmcufinder\plugins\mcufinder
2023-10-11 21:22:44,974 [WARN] DbFile:41 - Overriding database path with different value: C:\Users\Compumax\.stmcufinder\plugins\mcufinder/ => C:\Users\Compumax\.stmcufinder\plugins\mcufinder
2023-10-11 21:22:44,974 [INFO] CrossReferenceDbSqlite:203 - Set database path to: C:\Users\Compumax\.stmcufinder\plugins\mcufinder//mcu/cs/
2023-10-11 21:22:45,018 [INFO] MainPanel:262 - HeapMemory: 268435456
2023-10-11 21:22:45,065 [INFO] DbMcusXml:78 - Set database path to: C:\ST\STM32CubeIDE_1.13.1\STM32CubeIDE\plugins\com.st.stm32cube.common.mx_6.9.1.202307191849\\db\/mcu/
2023-10-11 21:22:45,065 [INFO] ApiDb:274 - Set plugin database path to: C:\ST\STM32CubeIDE_1.13.1\STM32CubeIDE\plugins\com.st.stm32cube.common.mx_6.9.1.202307191849\\db\/plugins/boardmanager/
2023-10-11 21:22:45,065 [INFO] ApiDb:261 - Set plugin images path to: C:\ST\STM32CubeIDE_1.13.1\STM32CubeIDE\plugins\com.st.stm32cube.common.mx_6.9.1.202307191849\\db\/plugins/mcufinder/images/
2023-10-11 21:22:45,065 [WARN] DbFile:41 - Overriding database path with different value: C:\Users\Compumax\.stmcufinder\plugins\mcufinder/ => C:\Users\Compumax\.stmcufinder\plugins\mcufinder
2023-10-11 21:22:45,065 [INFO] ApiDb:250 - Set database path to: C:\Users\Compumax\.stmcufinder\plugins\mcufinder//mcu/
2023-10-11 21:22:45,066 [WARN] DbFile:41 - Overriding database path with different value: C:\Users\Compumax\.stmcufinder\plugins\mcufinder/ => C:\Users\Compumax\.stmcufinder\plugins\mcufinder
2023-10-11 21:22:45,066 [INFO] DbMcusAds:125 - Set database path to: C:\Users\Compumax\.stmcufinder\plugins\mcufinder//mcu/
2023-10-11 21:22:45,066 [WARN] DbFile:41 - Overriding database path with different value: C:\Users\Compumax\.stmcufinder\plugins\mcufinder/ => C:\Users\Compumax\.stmcufinder\plugins\mcufinder
2023-10-11 21:22:45,066 [WARN] DbFile:41 - Overriding database path with different value: C:\Users\Compumax\.stmcufinder\plugins\mcufinder/ => C:\Users\Compumax\.stmcufinder\plugins\mcufinder
2023-10-11 21:22:45,066 [INFO] CrossReferenceDbSqlite:203 - Set database path to: C:\Users\Compumax\.stmcufinder\plugins\mcufinder//mcu/cs/
2023-10-11 21:22:45,077 [INFO] ApplicationProperties:184 - Using Application install path: C:\ST\STM32CubeIDE_1.13.1\STM32CubeIDE\plugins\com.st.stm32cube.common.mx_6.9.1.202307191849
2023-10-11 21:22:45,078 [INFO] PluginManage:196 - Search for loadable plugins [exclusion list=, ]
2023-10-11 21:22:45,078 [INFO] PluginManage:310 - Check plugin analytics
2023-10-11 21:22:45,185 [INFO] AnalyticsPlugin:253 - Accepted Software Licenses: 
2023-10-11 21:22:45,185 [INFO] AnalyticsPlugin:255 - Accepted CMSIS Pack Licenses: 
2023-10-11 21:22:45,186 [INFO] AnalyticsPlugin:257 - Accepted Firmware Licenses: FW.F4.1.27.0
2023-10-11 21:22:45,187 [INFO] PluginManage:359 - Loaded plugin analytics (category:tool,tabindex:-1)
2023-10-11 21:22:45,188 [INFO] PluginManage:310 - Check plugin cadmodel
2023-10-11 21:22:45,197 [INFO] CADModel:105 - Init CAD model plugin
2023-10-11 21:22:45,197 [INFO] PluginManage:359 - Loaded plugin cadmodel (category:power,tabindex:5)
2023-10-11 21:22:45,197 [INFO] PluginManage:310 - Check plugin clock
2023-10-11 21:22:45,210 [INFO] PluginManage:359 - Loaded plugin clock (category:base,tabindex:2)
2023-10-11 21:22:45,210 [INFO] PluginManage:310 - Check plugin ddr
2023-10-11 21:22:45,212 [INFO] PluginManage:359 - Loaded plugin ddr (category:tool,tabindex:6)
2023-10-11 21:22:45,212 [INFO] PluginManage:310 - Check plugin filemanager
2023-10-11 21:22:45,295 [INFO] PluginManage:359 - Loaded plugin filemanager (category:base,tabindex:10)
2023-10-11 21:22:45,295 [INFO] PluginManage:310 - Check plugin ipmanager
2023-10-11 21:22:45,300 [INFO] PluginManage:359 - Loaded plugin ipmanager (category:base,tabindex:5)
2023-10-11 21:22:45,300 [INFO] PluginManage:310 - Check plugin lpbam
2023-10-11 21:22:45,312 [INFO] PluginManage:359 - Loaded plugin lpbam (category:base,tabindex:0)
2023-10-11 21:22:45,312 [INFO] PluginManage:310 - Check plugin memorymap
2023-10-11 21:22:45,325 [INFO] PluginManage:359 - Loaded plugin memorymap (category:base,tabindex:4)
2023-10-11 21:22:45,326 [INFO] PluginManage:310 - Check plugin pinoutandconfiguration
2023-10-11 21:22:45,337 [INFO] PluginManage:359 - Loaded plugin pinoutandconfiguration (category:base,tabindex:1)
2023-10-11 21:22:45,338 [INFO] PluginManage:310 - Check plugin pinoutconfig
2023-10-11 21:22:45,400 [WARN] SupportedApi:132 - Cannot load RTOS API schema: s4s-elt-must-match.1: The content of 'definitions' must match (annotation?, (simpleType | complexType)?, (unique | key | keyref)*)). A problem was found starting at: attribute.
2023-10-11 21:22:45,481 [INFO] PluginManage:359 - Loaded plugin pinoutconfig (category:base,tabindex:0)
2023-10-11 21:22:45,481 [INFO] PluginManage:310 - Check plugin power
2023-10-11 21:22:45,494 [INFO] PluginManage:359 - Loaded plugin power (category:power,tabindex:4)
2023-10-11 21:22:45,494 [INFO] PluginManage:310 - Check plugin projectmanager
2023-10-11 21:22:45,503 [INFO] PluginManage:359 - Loaded plugin projectmanager (category:projectmanager,tabindex:3)
2023-10-11 21:22:45,503 [INFO] PluginManage:310 - Check plugin thirdparty
2023-10-11 21:22:45,701 [INFO] PluginManage:359 - Loaded plugin thirdparty (category:base,tabindex:-1)
2023-10-11 21:22:45,701 [INFO] PluginManage:310 - Check plugin tools
2023-10-11 21:22:45,701 [WARN] IntegrityCheckThread:84 - waiting for thirdparty lock release [integrity check]
2023-10-11 21:22:45,701 [INFO] IntegrityCheckThread:86 - entering critical section [integrity check]
2023-10-11 21:22:45,701 [INFO] ThirdPartyUpdaterWithRetryManager:70 - Updater plugin not ready yet. [1/15]
2023-10-11 21:22:45,724 [INFO] PluginManage:359 - Loaded plugin tools (category:base,tabindex:7)
2023-10-11 21:22:45,724 [INFO] PluginManage:310 - Check plugin tutovideos
2023-10-11 21:22:45,834 [INFO] PluginManage:359 - Loaded plugin tutovideos (category:base,tabindex:-1)
2023-10-11 21:22:45,834 [INFO] PluginManage:310 - Check plugin updater
2023-10-11 21:22:45,840 [INFO] PluginManage:359 - Loaded plugin updater (category:base,tabindex:12)
2023-10-11 21:22:45,840 [INFO] PluginManage:310 - Check plugin userauth
2023-10-11 21:22:45,843 [INFO] UserAuth:113 - Init User Auth plugin
2023-10-11 21:22:45,843 [INFO] PluginManage:359 - Loaded plugin userauth (category:base,tabindex:14)
2023-10-11 21:22:45,843 [INFO] PluginManage:283 - PluginManage : Loaded plugins [17]
2023-10-11 21:22:46,019 [INFO] PinOutPanel:1499 - setPackage(No Configuration,No Configuration)
2023-10-11 21:22:46,097 [INFO] CADModel:165 - CPN selected for project level
2023-10-11 21:22:46,097 [INFO] CADModel:114 - Register for checkConnection events
2023-10-11 21:22:46,116 [INFO] IPUIPlugin:80 - create IPUIPlugin
2023-10-11 21:22:46,116 [INFO] PluginManager:220 - loadIPPluginJar : add adc
2023-10-11 21:22:46,144 [INFO] IPUIPlugin:80 - create IPUIPlugin
2023-10-11 21:22:46,145 [INFO] PluginManager:220 - loadIPPluginJar : add aes
2023-10-11 21:22:46,177 [INFO] IPUIPlugin:80 - create IPUIPlugin
2023-10-11 21:22:46,177 [INFO] PluginManager:220 - loadIPPluginJar : add can
2023-10-11 21:22:46,194 [INFO] IPUIPlugin:80 - create IPUIPlugin
2023-10-11 21:22:46,194 [INFO] PluginManager:220 - loadIPPluginJar : add comp
2023-10-11 21:22:46,218 [INFO] IPUIPlugin:80 - create IPUIPlugin
2023-10-11 21:22:46,219 [INFO] PluginManager:220 - loadIPPluginJar : add cryp
2023-10-11 21:22:46,245 [INFO] IPUIPlugin:80 - create IPUIPlugin
2023-10-11 21:22:46,245 [INFO] PluginManager:220 - loadIPPluginJar : add dfsdm
2023-10-11 21:22:46,257 [INFO] IPUIPlugin:80 - create IPUIPlugin
2023-10-11 21:22:46,258 [INFO] PluginManager:220 - loadIPPluginJar : add dma
2023-10-11 21:22:46,292 [INFO] IPUIPlugin:80 - create IPUIPlugin
2023-10-11 21:22:46,292 [INFO] PluginManager:220 - loadIPPluginJar : add dma3
2023-10-11 21:22:46,307 [INFO] IPUIPlugin:80 - create IPUIPlugin
2023-10-11 21:22:46,307 [INFO] PluginManager:220 - loadIPPluginJar : add fatfs
2023-10-11 21:22:46,343 [INFO] IPUIPlugin:80 - create IPUIPlugin
2023-10-11 21:22:46,343 [INFO] PluginManager:220 - loadIPPluginJar : add fmc
2023-10-11 21:22:46,356 [INFO] IPUIPlugin:80 - create IPUIPlugin
2023-10-11 21:22:46,356 [INFO] PluginManager:220 - loadIPPluginJar : add freertos
2023-10-11 21:22:46,372 [INFO] IPUIPlugin:80 - create IPUIPlugin
2023-10-11 21:22:46,372 [INFO] PluginManager:220 - loadIPPluginJar : add genericplugin
2023-10-11 21:22:46,448 [INFO] IPUIPlugin:80 - create IPUIPlugin
2023-10-11 21:22:46,448 [INFO] PluginManager:220 - loadIPPluginJar : add gfxmmu
2023-10-11 21:22:46,568 [INFO] IPUIPlugin:80 - create IPUIPlugin
2023-10-11 21:22:46,569 [INFO] PluginManager:220 - loadIPPluginJar : add gic
2023-10-11 21:22:46,579 [INFO] IPUIPlugin:80 - create IPUIPlugin
2023-10-11 21:22:46,579 [INFO] PluginManager:220 - loadIPPluginJar : add gpio
2023-10-11 21:22:46,672 [INFO] IPUIPlugin:80 - create IPUIPlugin
2023-10-11 21:22:46,672 [INFO] PluginManager:220 - loadIPPluginJar : add gtzc
2023-10-11 21:22:46,712 [INFO] IPUIPlugin:80 - create IPUIPlugin
2023-10-11 21:22:46,712 [INFO] PluginManager:220 - loadIPPluginJar : add hash
2023-10-11 21:22:46,780 [INFO] IPUIPlugin:80 - create IPUIPlugin
2023-10-11 21:22:46,780 [INFO] PluginManager:220 - loadIPPluginJar : add i2c
2023-10-11 21:22:46,830 [INFO] IPUIPlugin:80 - create IPUIPlugin
2023-10-11 21:22:46,830 [INFO] PluginManager:220 - loadIPPluginJar : add i2s
2023-10-11 21:22:46,874 [INFO] IPUIPlugin:80 - create IPUIPlugin
2023-10-11 21:22:46,874 [INFO] PluginManager:220 - loadIPPluginJar : add i3c
2023-10-11 21:22:46,953 [INFO] IPUIPlugin:80 - create IPUIPlugin
2023-10-11 21:22:46,954 [INFO] PluginManager:220 - loadIPPluginJar : add ipddr
2023-10-11 21:22:47,020 [INFO] IPUIPlugin:80 - create IPUIPlugin
2023-10-11 21:22:47,020 [INFO] PluginManager:220 - loadIPPluginJar : add linkedlist
2023-10-11 21:22:47,044 [INFO] IPUIPlugin:80 - create IPUIPlugin
2023-10-11 21:22:47,044 [INFO] PluginManager:220 - loadIPPluginJar : add lorawan
2023-10-11 21:22:47,069 [INFO] IPUIPlugin:80 - create IPUIPlugin
2023-10-11 21:22:47,070 [INFO] PluginManager:220 - loadIPPluginJar : add ltdc
2023-10-11 21:22:47,078 [INFO] IPUIPlugin:80 - create IPUIPlugin
2023-10-11 21:22:47,079 [INFO] PluginManager:220 - loadIPPluginJar : add mdma
2023-10-11 21:22:47,086 [INFO] IPUIPlugin:80 - create IPUIPlugin
2023-10-11 21:22:47,087 [INFO] PluginManager:220 - loadIPPluginJar : add nvic
2023-10-11 21:22:47,112 [INFO] IPUIPlugin:80 - create IPUIPlugin
2023-10-11 21:22:47,112 [INFO] PluginManager:220 - loadIPPluginJar : add opamp
2023-10-11 21:22:47,159 [INFO] IPUIPlugin:80 - create IPUIPlugin
2023-10-11 21:22:47,160 [INFO] PluginManager:220 - loadIPPluginJar : add openamp
2023-10-11 21:22:47,188 [INFO] IPUIPlugin:80 - create IPUIPlugin
2023-10-11 21:22:47,189 [INFO] PluginManager:220 - loadIPPluginJar : add pdm2pcm
2023-10-11 21:22:47,197 [INFO] IPUIPlugin:80 - create IPUIPlugin
2023-10-11 21:22:47,199 [INFO] PluginManager:220 - loadIPPluginJar : add plateformsettings
2023-10-11 21:22:47,214 [INFO] IPUIPlugin:80 - create IPUIPlugin
2023-10-11 21:22:47,214 [INFO] PluginManager:220 - loadIPPluginJar : add quadspi
2023-10-11 21:22:47,223 [INFO] IPUIPlugin:80 - create IPUIPlugin
2023-10-11 21:22:47,223 [INFO] PluginManager:220 - loadIPPluginJar : add resmgrutility
2023-10-11 21:22:47,257 [INFO] IPUIPlugin:80 - create IPUIPlugin
2023-10-11 21:22:47,257 [INFO] PluginManager:220 - loadIPPluginJar : add sai
2023-10-11 21:22:47,283 [INFO] IPUIPlugin:80 - create IPUIPlugin
2023-10-11 21:22:47,283 [INFO] PluginManager:220 - loadIPPluginJar : add spi
2023-10-11 21:22:47,322 [INFO] IPUIPlugin:80 - create IPUIPlugin
2023-10-11 21:22:47,322 [INFO] PluginManager:220 - loadIPPluginJar : add stm32_wpan
2023-10-11 21:22:47,339 [INFO] IPUIPlugin:80 - create IPUIPlugin
2023-10-11 21:22:47,339 [INFO] PluginManager:220 - loadIPPluginJar : add tim
2023-10-11 21:22:47,376 [INFO] IPUIPlugin:80 - create IPUIPlugin
2023-10-11 21:22:47,376 [INFO] PluginManager:220 - loadIPPluginJar : add touchsensing
2023-10-11 21:22:47,392 [INFO] IPUIPlugin:80 - create IPUIPlugin
2023-10-11 21:22:47,392 [INFO] PluginManager:220 - loadIPPluginJar : add tracer_emb
2023-10-11 21:22:47,408 [INFO] IPUIPlugin:80 - create IPUIPlugin
2023-10-11 21:22:47,408 [INFO] PluginManager:220 - loadIPPluginJar : add ts
2023-10-11 21:22:47,422 [INFO] IPUIPlugin:80 - create IPUIPlugin
2023-10-11 21:22:47,422 [INFO] PluginManager:220 - loadIPPluginJar : add tsc
2023-10-11 21:22:47,437 [INFO] IPUIPlugin:80 - create IPUIPlugin
2023-10-11 21:22:47,437 [INFO] PluginManager:220 - loadIPPluginJar : add ucpd
2023-10-11 21:22:47,468 [INFO] IPUIPlugin:80 - create IPUIPlugin
2023-10-11 21:22:47,468 [INFO] PluginManager:220 - loadIPPluginJar : add usart
2023-10-11 21:22:47,497 [INFO] IPUIPlugin:80 - create IPUIPlugin
2023-10-11 21:22:47,497 [INFO] PluginManager:220 - loadIPPluginJar : add usbx
2023-10-11 21:22:47,599 [INFO] CADModel:165 - CPN selected for project level
2023-10-11 21:22:47,599 [INFO] CADModel:114 - Register for checkConnection events
2023-10-11 21:22:47,599 [FATAL] Updater:308 - Updater called before beeing initialized
2023-10-11 21:22:47,599 [ERROR] CADModel:125 - Updater not yet initialized, retry later 
2023-10-11 21:22:47,671 [INFO] CADModel:165 - CPN selected for project level
2023-10-11 21:22:47,671 [INFO] CADModel:114 - Register for checkConnection events
2023-10-11 21:22:47,671 [FATAL] Updater:308 - Updater called before beeing initialized
2023-10-11 21:22:47,671 [ERROR] CADModel:125 - Updater not yet initialized, retry later 
2023-10-11 21:22:47,673 [FATAL] Updater:308 - Updater called before beeing initialized
2023-10-11 21:22:47,740 [FATAL] Updater:308 - Updater called before beeing initialized
2023-10-11 21:22:47,749 [INFO] DbMcusAds:53 - JSON generation date=Tue Mar 07 05:50:55 ART 2023 (1678179055114)
2023-10-11 21:22:47,749 [FATAL] Updater:308 - Updater called before beeing initialized
2023-10-11 21:22:47,772 [WARN] DetailPanel:346 - Failed to get advertising image, set to default
2023-10-11 21:22:47,844 [FATAL] Updater:308 - Updater called before beeing initialized
2023-10-11 21:22:47,845 [FATAL] Updater:308 - Updater called before beeing initialized
2023-10-11 21:22:47,845 [FATAL] Updater:308 - Updater called before beeing initialized
2023-10-11 21:22:47,845 [WARN] DetailPanel:346 - Failed to get advertising image, set to default
2023-10-11 21:22:47,846 [FATAL] Updater:308 - Updater called before beeing initialized
2023-10-11 21:22:47,881 [ERROR] Updater:1120 - MainUpdater not yet initialized. External WinMGr cannot be set.
2023-10-11 21:22:47,890 [INFO] Updater:1056 - Updater Version found : 6.9.1
2023-10-11 21:22:47,901 [INFO] ApplicationProperties:184 - Using Application install path: C:\ST\STM32CubeIDE_1.13.1\STM32CubeIDE\plugins\com.st.stm32cube.common.mx_6.9.1.202307191849
2023-10-11 21:22:48,031 [INFO] MainUpdater:2868 - connection check result : 10
2023-10-11 21:22:48,031 [INFO] MainUpdater:285 - Updater Check For Update Now.
2023-10-11 21:22:48,032 [INFO] MicroXplorer:498 - Change Database Version : DB.6.0.91
2023-10-11 21:22:48,050 [INFO] McuFinderGlobals:63 - Set McuFinder mode to 2 (CubeIDE integrated)
2023-10-11 21:22:48,214 [INFO] CheckServerUpdateThread:120 - End of CheckServer Thread
2023-10-11 21:22:48,809 [WARN] PackLoader:240 - Cannot read IP mode file for STMicroelectronics.X-CUBE-SMBUS.2.1.0
2023-10-11 21:22:48,842 [WARN] PackLoader:240 - Cannot read IP mode file for STMicroelectronics.X-CUBE-AZRTOS-F7.1.1.0
2023-10-11 21:22:48,859 [WARN] PackLoader:240 - Cannot read IP mode file for STMicroelectronics.FP-SNS-MOTENV1.4.3.2
2023-10-11 21:22:48,873 [WARN] PackLoader:240 - Cannot read IP mode file for STMicroelectronics.X-CUBE-BLE1.6.2.4
2023-10-11 21:22:48,886 [WARN] PackLoader:240 - Cannot read IP mode file for STMicroelectronics.FP-SNS-FLIGHT1.5.0.2
2023-10-11 21:22:48,899 [WARN] PackLoader:240 - Cannot read IP mode file for STMicroelectronics.X-CUBE-DISPLAY.3.0.0
2023-10-11 21:22:48,912 [WARN] PackLoader:240 - Cannot read IP mode file for STMicroelectronics.X-CUBE-BLE1.7.0.0
2023-10-11 21:22:48,921 [WARN] PackLoader:240 - Cannot read IP mode file for emotas.I-CUBE-CANOPEN.1.3.0
2023-10-11 21:22:48,931 [WARN] PackLoader:240 - Cannot read IP mode file for STMicroelectronics.X-CUBE-TOUCHGFX.4.22.0
2023-10-11 21:22:48,938 [WARN] PackLoader:240 - Cannot read IP mode file for STMicroelectronics.X-CUBE-TOUCHGFX.4.22.1
2023-10-11 21:22:48,946 [WARN] PackLoader:240 - Cannot read IP mode file for STMicroelectronics.FP-SNS-SMARTAG2.1.2.0
2023-10-11 21:22:48,960 [INFO] LogOutputStream:77 - [STDOUT_REDIRECT] 1 : Invalid condition id : UX_CORESTACK_Condition cause : null
2023-10-11 21:22:48,960 [INFO] LogOutputStream:77 - [STDOUT_REDIRECT] 1 : Invalid condition id : UX_CORESTACK_Condition cause : null
2023-10-11 21:22:48,961 [INFO] LogOutputStream:77 - [STDOUT_REDIRECT] 1 : Invalid condition id : UX_CORESTACK_Condition cause : null
2023-10-11 21:22:48,962 [INFO] LogOutputStream:77 - [STDOUT_REDIRECT] 1 : Invalid condition id : UX_CORESTACK_Condition cause : null
2023-10-11 21:22:48,962 [INFO] LogOutputStream:77 - [STDOUT_REDIRECT] 1 : Invalid condition id : UX_CORESTACK_Condition cause : null
2023-10-11 21:22:48,964 [WARN] PackLoader:240 - Cannot read IP mode file for STMicroelectronics.X-CUBE-AZRTOS-WL.2.0.0
2023-10-11 21:22:48,974 [WARN] PackLoader:240 - Cannot read IP mode file for WES.I-CUBE-Cesium.1.3.0
2023-10-11 21:22:48,982 [WARN] PackLoader:240 - Cannot read IP mode file for STMicroelectronics.X-CUBE-BLE2.3.3.0
2023-10-11 21:22:48,995 [WARN] PackLoader:240 - Cannot read IP mode file for STMicroelectronics.X-CUBE-ALGOBUILD.1.3.0
2023-10-11 21:22:49,013 [WARN] PackLoader:240 - Cannot read IP mode file for STMicroelectronics.X-CUBE-AZRTOS-G0.1.1.0
2023-10-11 21:22:49,025 [WARN] PackLoader:240 - Cannot read IP mode file for STMicroelectronics.X-CUBE-NFC4.3.0.0
2023-10-11 21:22:49,036 [WARN] PackLoader:240 - Cannot read IP mode file for STMicroelectronics.FP-ATR-SIGFOX1.3.2.0
2023-10-11 21:22:49,062 [WARN] PackLoader:240 - Cannot read IP mode file for SEGGER.I-CUBE-embOS.1.3.1
2023-10-11 21:22:49,096 [WARN] PackLoader:240 - Cannot read IP mode file for STMicroelectronics.X-CUBE-GNSS1.6.0.0
2023-10-11 21:22:49,116 [WARN] PackLoader:240 - Cannot read IP mode file for STMicroelectronics.X-CUBE-AZRTOS-F4.1.1.0
2023-10-11 21:22:49,129 [WARN] PackLoader:240 - Cannot read IP mode file for wolfSSL.I-CUBE-wolfSSL.5.6.3
2023-10-11 21:22:49,147 [WARN] PackLoader:240 - Cannot read IP mode file for STMicroelectronics.X-CUBE-AZRTOS-L5.2.0.0
2023-10-11 21:22:49,189 [WARN] PackLoader:240 - Cannot read IP mode file for STMicroelectronics.X-CUBE-MEMS1.9.6.0
2023-10-11 21:22:49,285 [WARN] PackLoader:240 - Cannot read IP mode file for ITTIA_DB.I-CUBE-ITTIADB.8.8.0
2023-10-11 21:22:49,298 [WARN] PackLoader:240 - Cannot read IP mode file for STMicroelectronics.X-CUBE-BLEMGR.2.0.0
2023-10-11 21:22:49,322 [WARN] ConditionMgr:438 - getConditionDescription Invalid condition id : UX DEVICE CLASS RTOS Condition cause : null
2023-10-11 21:22:49,322 [WARN] ConditionMgr:438 - getConditionDescription Invalid condition id : UX DEVICE CLASS RTOS Condition cause : null
2023-10-11 21:22:49,324 [WARN] PackLoader:240 - Cannot read IP mode file for STMicroelectronics.X-CUBE-AZRTOS-H7.3.1.0
2023-10-11 21:22:49,324 [WARN] ConditionMgr:1039 - genDependencies : Invalid condition id : UX DEVICE CLASS RTOS Condition cause : null
2023-10-11 21:22:49,324 [WARN] ConditionMgr:1039 - genDependencies : Invalid condition id : UX DEVICE CLASS RTOS Condition cause : null
2023-10-11 21:22:49,325 [WARN] ConditionMgr:1039 - genDependencies : Invalid condition id : UX DEVICE CLASS RTOS Condition cause : null
2023-10-11 21:22:49,325 [WARN] ConditionMgr:1039 - genDependencies : Invalid condition id : UX DEVICE CLASS RTOS Condition cause : null
2023-10-11 21:22:49,325 [WARN] ConditionMgr:1039 - genDependencies : Invalid condition id : UX DEVICE CLASS RTOS Condition cause : null
2023-10-11 21:22:49,338 [WARN] PackLoader:240 - Cannot read IP mode file for STMicroelectronics.X-CUBE-NFC7.1.0.1
2023-10-11 21:22:49,350 [WARN] PackLoader:240 - Cannot read IP mode file for STMicroelectronics.X-CUBE-NFC6.3.0.0
2023-10-11 21:22:49,363 [WARN] PackLoader:240 - Cannot read IP mode file for STMicroelectronics.X-CUBE-EEPRMA1.4.1.0
2023-10-11 21:22:49,374 [WARN] PackLoader:240 - Cannot read IP mode file for STMicroelectronics.X-CUBE-AI.8.1.0
2023-10-11 21:22:49,397 [WARN] ConditionMgr:438 - getConditionDescription Invalid condition id : LAN8742 Phy interface Condition cause : null
2023-10-11 21:22:49,397 [WARN] PackLoader:240 - Cannot read IP mode file for STMicroelectronics.X-CUBE-AZRTOS-L4.2.0.0
2023-10-11 21:22:49,398 [WARN] ConditionMgr:1039 - genDependencies : Invalid condition id : LAN8742 Phy interface Condition cause : null
2023-10-11 21:22:49,398 [WARN] ConditionMgr:1039 - genDependencies : Invalid condition id : LAN8742 Phy interface Condition cause : null
2023-10-11 21:22:49,399 [WARN] ConditionMgr:1039 - genDependencies : Invalid condition id : LAN8742 Phy interface Condition cause : null
2023-10-11 21:22:49,410 [WARN] PackLoader:240 - Cannot read IP mode file for STMicroelectronics.X-CUBE-SFXS2LP1.4.0.0
2023-10-11 21:22:49,420 [WARN] PackLoader:240 - Cannot read IP mode file for STMicroelectronics.X-CUBE-ISPU.1.1.0
2023-10-11 21:22:49,441 [WARN] ConditionMgr:438 - getConditionDescription Invalid condition id : UX DEVICE CLASS RTOS Condition cause : null
2023-10-11 21:22:49,442 [WARN] ConditionMgr:438 - getConditionDescription Invalid condition id : UX DEVICE CLASS RTOS Condition cause : null
2023-10-11 21:22:49,444 [WARN] PackLoader:240 - Cannot read IP mode file for STMicroelectronics.X-CUBE-AZRTOS-WB.2.0.0
2023-10-11 21:22:49,444 [WARN] ConditionMgr:1039 - genDependencies : Invalid condition id : UX DEVICE CLASS RTOS Condition cause : null
2023-10-11 21:22:49,444 [WARN] ConditionMgr:1039 - genDependencies : Invalid condition id : UX DEVICE CLASS RTOS Condition cause : null
2023-10-11 21:22:49,444 [WARN] ConditionMgr:1039 - genDependencies : Invalid condition id : UX DEVICE CLASS RTOS Condition cause : null
2023-10-11 21:22:49,445 [WARN] ConditionMgr:1039 - genDependencies : Invalid condition id : UX DEVICE CLASS RTOS Condition cause : null
2023-10-11 21:22:49,445 [WARN] ConditionMgr:1039 - genDependencies : Invalid condition id : UX DEVICE CLASS RTOS Condition cause : null
2023-10-11 21:22:49,457 [WARN] PackLoader:240 - Cannot read IP mode file for STMicroelectronics.X-CUBE-FREERTOS.1.0.1
2023-10-11 21:22:49,477 [WARN] PackLoader:240 - Cannot read IP mode file for STMicroelectronics.X-CUBE-AZRTOS-L5.1.1.0
2023-10-11 21:22:49,495 [WARN] PackLoader:240 - Cannot read IP mode file for STMicroelectronics.X-CUBE-SUBG2.5.0.0
2023-10-11 21:22:49,511 [WARN] PackLoader:240 - Cannot read IP mode file for STMicroelectronics.X-CUBE-TOF1.3.3.1
2023-10-11 21:22:49,534 [WARN] PackLoader:240 - Cannot read IP mode file for STMicroelectronics.X-CUBE-AZRTOS-G4.2.0.0
2023-10-11 21:22:49,552 [WARN] PackLoader:240 - Cannot read IP mode file for Infineon.AIROC-Wi-Fi-Bluetooth-STM32.1.5.1
2023-10-11 21:22:49,567 [WARN] PackLoader:240 - Cannot read IP mode file for STMicroelectronics.X-CUBE-FREERTOS.1.1.0
2023-10-11 21:22:49,578 [WARN] PackLoader:240 - Cannot read IP mode file for portGmbH.I-Cube-SoM-uGOAL.1.1.0
2023-10-11 21:22:49,590 [WARN] PackLoader:240 - Cannot read IP mode file for STMicroelectronics.X-CUBE-ALS.1.0.1
2023-10-11 21:22:49,607 [WARN] PackLoader:240 - Cannot read IP mode file for STMicroelectronics.X-CUBE-AZRTOS-WB.1.1.0
2023-10-11 21:22:49,618 [WARN] PackLoader:240 - Cannot read IP mode file for STMicroelectronics.FP-ATR-ASTRA1.2.0.0
2023-10-11 21:22:49,620 [INFO] ThirdParty:978 - Integrity check success = true
2023-10-11 21:22:49,620 [INFO] IntegrityCheckThread:100 - exiting critical section [integrity check]
2023-10-11 21:22:49,620 [INFO] IntegrityCheckThread:103 - End integrity checks thread
2023-10-11 21:23:08,732 [ERROR] LogOutputStream:75 - [STDERR_REDIRECT] SLF4J: Failed to load class "org.slf4j.impl.StaticLoggerBinder".
2023-10-11 21:23:08,732 [ERROR] LogOutputStream:75 - [STDERR_REDIRECT] SLF4J: Defaulting to no-operation (NOP) logger implementation
2023-10-11 21:23:08,733 [ERROR] LogOutputStream:75 - [STDERR_REDIRECT] SLF4J: See http://www.slf4j.org/codes.html#StaticLoggerBinder for further details.
2023-10-11 22:55:04,266 [INFO] Activator:176 - 


2023-10-11 22:55:04,268 [INFO] Activator:177 - !SESSION log4j initialized
2023-10-11 22:55:06,823 [INFO] LogOutputStream:77 - [STDOUT_REDIRECT] 
2023-10-11 22:55:07,579 [INFO] ApplicationProperties:184 - Using Application install path: C:\ST\STM32CubeIDE_1.13.1\STM32CubeIDE\plugins\com.st.stm32cube.common.mx_6.9.1.202307191849
2023-10-11 22:55:07,589 [INFO] DbMcusXml:78 - Set database path to: C:\ST\STM32CubeIDE_1.13.1\STM32CubeIDE\plugins\com.st.stm32cube.common.mx_6.9.1.202307191849\\db\/mcu/
2023-10-11 22:55:07,590 [INFO] ApiDb:274 - Set plugin database path to: C:\ST\STM32CubeIDE_1.13.1\STM32CubeIDE\plugins\com.st.stm32cube.common.mx_6.9.1.202307191849\\db\/plugins/boardmanager/
2023-10-11 22:55:07,590 [WARN] ApiDb:259 - Overriding images path with different value:  => C:\ST\STM32CubeIDE_1.13.1\STM32CubeIDE\plugins\com.st.stm32cube.common.mx_6.9.1.202307191849\\db\/plugins/mcufinder/images/
2023-10-11 22:55:07,595 [INFO] ApiDb:250 - Set database path to: C:\Users\Compumax\.stmcufinder\plugins\mcufinder//mcu/
2023-10-11 22:55:07,596 [INFO] DbMcusAds:125 - Set database path to: C:\Users\Compumax\.stmcufinder\plugins\mcufinder//mcu/
2023-10-11 22:55:07,597 [INFO] CrossReferenceDbSqlite:203 - Set database path to: C:\Users\Compumax\.stmcufinder\plugins\mcufinder//mcu/cs/
2023-10-11 22:55:07,657 [INFO] RulesReader:64 - Compatibility file has been processed (293 Rules)
2023-10-11 22:55:07,706 [INFO] DbMcusXml:78 - Set database path to: C:\ST\STM32CubeIDE_1.13.1\STM32CubeIDE\plugins\com.st.stm32cube.common.mx_6.9.1.202307191849\\db\/mcu/
2023-10-11 22:55:07,706 [INFO] ApiDb:274 - Set plugin database path to: C:\ST\STM32CubeIDE_1.13.1\STM32CubeIDE\plugins\com.st.stm32cube.common.mx_6.9.1.202307191849\\db\/plugins/boardmanager/
2023-10-11 22:55:07,706 [INFO] ApiDb:261 - Set plugin images path to: C:\ST\STM32CubeIDE_1.13.1\STM32CubeIDE\plugins\com.st.stm32cube.common.mx_6.9.1.202307191849\\db\/plugins/mcufinder/images/
2023-10-11 22:55:07,706 [WARN] DbFile:41 - Overriding database path with different value: C:\Users\Compumax\.stmcufinder\plugins\mcufinder/ => C:\Users\Compumax\.stmcufinder\plugins\mcufinder
2023-10-11 22:55:07,706 [INFO] ApiDb:250 - Set database path to: C:\Users\Compumax\.stmcufinder\plugins\mcufinder//mcu/
2023-10-11 22:55:07,707 [WARN] DbFile:41 - Overriding database path with different value: C:\Users\Compumax\.stmcufinder\plugins\mcufinder/ => C:\Users\Compumax\.stmcufinder\plugins\mcufinder
2023-10-11 22:55:07,707 [INFO] DbMcusAds:125 - Set database path to: C:\Users\Compumax\.stmcufinder\plugins\mcufinder//mcu/
2023-10-11 22:55:07,707 [WARN] DbFile:41 - Overriding database path with different value: C:\Users\Compumax\.stmcufinder\plugins\mcufinder/ => C:\Users\Compumax\.stmcufinder\plugins\mcufinder
2023-10-11 22:55:07,707 [WARN] DbFile:41 - Overriding database path with different value: C:\Users\Compumax\.stmcufinder\plugins\mcufinder/ => C:\Users\Compumax\.stmcufinder\plugins\mcufinder
2023-10-11 22:55:07,707 [INFO] CrossReferenceDbSqlite:203 - Set database path to: C:\Users\Compumax\.stmcufinder\plugins\mcufinder//mcu/cs/
2023-10-11 22:55:07,747 [INFO] MainPanel:262 - HeapMemory: 268435456
2023-10-11 22:55:07,790 [INFO] DbMcusXml:78 - Set database path to: C:\ST\STM32CubeIDE_1.13.1\STM32CubeIDE\plugins\com.st.stm32cube.common.mx_6.9.1.202307191849\\db\/mcu/
2023-10-11 22:55:07,790 [INFO] ApiDb:274 - Set plugin database path to: C:\ST\STM32CubeIDE_1.13.1\STM32CubeIDE\plugins\com.st.stm32cube.common.mx_6.9.1.202307191849\\db\/plugins/boardmanager/
2023-10-11 22:55:07,790 [INFO] ApiDb:261 - Set plugin images path to: C:\ST\STM32CubeIDE_1.13.1\STM32CubeIDE\plugins\com.st.stm32cube.common.mx_6.9.1.202307191849\\db\/plugins/mcufinder/images/
2023-10-11 22:55:07,790 [WARN] DbFile:41 - Overriding database path with different value: C:\Users\Compumax\.stmcufinder\plugins\mcufinder/ => C:\Users\Compumax\.stmcufinder\plugins\mcufinder
2023-10-11 22:55:07,791 [INFO] ApiDb:250 - Set database path to: C:\Users\Compumax\.stmcufinder\plugins\mcufinder//mcu/
2023-10-11 22:55:07,791 [WARN] DbFile:41 - Overriding database path with different value: C:\Users\Compumax\.stmcufinder\plugins\mcufinder/ => C:\Users\Compumax\.stmcufinder\plugins\mcufinder
2023-10-11 22:55:07,791 [INFO] DbMcusAds:125 - Set database path to: C:\Users\Compumax\.stmcufinder\plugins\mcufinder//mcu/
2023-10-11 22:55:07,791 [WARN] DbFile:41 - Overriding database path with different value: C:\Users\Compumax\.stmcufinder\plugins\mcufinder/ => C:\Users\Compumax\.stmcufinder\plugins\mcufinder
2023-10-11 22:55:07,791 [WARN] DbFile:41 - Overriding database path with different value: C:\Users\Compumax\.stmcufinder\plugins\mcufinder/ => C:\Users\Compumax\.stmcufinder\plugins\mcufinder
2023-10-11 22:55:07,791 [INFO] CrossReferenceDbSqlite:203 - Set database path to: C:\Users\Compumax\.stmcufinder\plugins\mcufinder//mcu/cs/
2023-10-11 22:55:07,801 [INFO] ApplicationProperties:184 - Using Application install path: C:\ST\STM32CubeIDE_1.13.1\STM32CubeIDE\plugins\com.st.stm32cube.common.mx_6.9.1.202307191849
2023-10-11 22:55:07,802 [INFO] PluginManage:196 - Search for loadable plugins [exclusion list=, ]
2023-10-11 22:55:07,803 [INFO] PluginManage:310 - Check plugin analytics
2023-10-11 22:55:07,898 [INFO] AnalyticsPlugin:253 - Accepted Software Licenses: 
2023-10-11 22:55:07,898 [INFO] AnalyticsPlugin:255 - Accepted CMSIS Pack Licenses: 
2023-10-11 22:55:07,898 [INFO] AnalyticsPlugin:257 - Accepted Firmware Licenses: FW.F4.1.27.0
2023-10-11 22:55:07,900 [INFO] PluginManage:359 - Loaded plugin analytics (category:tool,tabindex:-1)
2023-10-11 22:55:07,900 [INFO] PluginManage:310 - Check plugin cadmodel
2023-10-11 22:55:07,903 [INFO] CADModel:105 - Init CAD model plugin
2023-10-11 22:55:07,903 [INFO] PluginManage:359 - Loaded plugin cadmodel (category:power,tabindex:5)
2023-10-11 22:55:07,903 [INFO] PluginManage:310 - Check plugin clock
2023-10-11 22:55:07,908 [INFO] PluginManage:359 - Loaded plugin clock (category:base,tabindex:2)
2023-10-11 22:55:07,909 [INFO] PluginManage:310 - Check plugin ddr
2023-10-11 22:55:07,910 [INFO] PluginManage:359 - Loaded plugin ddr (category:tool,tabindex:6)
2023-10-11 22:55:07,910 [INFO] PluginManage:310 - Check plugin filemanager
2023-10-11 22:55:08,014 [INFO] PluginManage:359 - Loaded plugin filemanager (category:base,tabindex:10)
2023-10-11 22:55:08,014 [INFO] PluginManage:310 - Check plugin ipmanager
2023-10-11 22:55:08,023 [INFO] PluginManage:359 - Loaded plugin ipmanager (category:base,tabindex:5)
2023-10-11 22:55:08,024 [INFO] PluginManage:310 - Check plugin lpbam
2023-10-11 22:55:08,029 [INFO] PluginManage:359 - Loaded plugin lpbam (category:base,tabindex:0)
2023-10-11 22:55:08,029 [INFO] PluginManage:310 - Check plugin memorymap
2023-10-11 22:55:08,036 [INFO] PluginManage:359 - Loaded plugin memorymap (category:base,tabindex:4)
2023-10-11 22:55:08,036 [INFO] PluginManage:310 - Check plugin pinoutandconfiguration
2023-10-11 22:55:08,040 [INFO] PluginManage:359 - Loaded plugin pinoutandconfiguration (category:base,tabindex:1)
2023-10-11 22:55:08,041 [INFO] PluginManage:310 - Check plugin pinoutconfig
2023-10-11 22:55:08,100 [WARN] SupportedApi:132 - Cannot load RTOS API schema: s4s-elt-must-match.1: The content of 'definitions' must match (annotation?, (simpleType | complexType)?, (unique | key | keyref)*)). A problem was found starting at: attribute.
2023-10-11 22:55:08,174 [INFO] PluginManage:359 - Loaded plugin pinoutconfig (category:base,tabindex:0)
2023-10-11 22:55:08,174 [INFO] PluginManage:310 - Check plugin power
2023-10-11 22:55:08,178 [INFO] PluginManage:359 - Loaded plugin power (category:power,tabindex:4)
2023-10-11 22:55:08,178 [INFO] PluginManage:310 - Check plugin projectmanager
2023-10-11 22:55:08,187 [INFO] PluginManage:359 - Loaded plugin projectmanager (category:projectmanager,tabindex:3)
2023-10-11 22:55:08,187 [INFO] PluginManage:310 - Check plugin thirdparty
2023-10-11 22:55:08,261 [INFO] PluginManage:359 - Loaded plugin thirdparty (category:base,tabindex:-1)
2023-10-11 22:55:08,261 [INFO] PluginManage:310 - Check plugin tools
2023-10-11 22:55:08,261 [WARN] IntegrityCheckThread:84 - waiting for thirdparty lock release [integrity check]
2023-10-11 22:55:08,261 [INFO] IntegrityCheckThread:86 - entering critical section [integrity check]
2023-10-11 22:55:08,261 [INFO] ThirdPartyUpdaterWithRetryManager:70 - Updater plugin not ready yet. [1/15]
2023-10-11 22:55:08,262 [INFO] PluginManage:359 - Loaded plugin tools (category:base,tabindex:7)
2023-10-11 22:55:08,263 [INFO] PluginManage:310 - Check plugin tutovideos
2023-10-11 22:55:08,361 [INFO] PluginManage:359 - Loaded plugin tutovideos (category:base,tabindex:-1)
2023-10-11 22:55:08,361 [INFO] PluginManage:310 - Check plugin updater
2023-10-11 22:55:08,367 [INFO] PluginManage:359 - Loaded plugin updater (category:base,tabindex:12)
2023-10-11 22:55:08,367 [INFO] PluginManage:310 - Check plugin userauth
2023-10-11 22:55:08,370 [INFO] UserAuth:113 - Init User Auth plugin
2023-10-11 22:55:08,370 [INFO] PluginManage:359 - Loaded plugin userauth (category:base,tabindex:14)
2023-10-11 22:55:08,371 [INFO] PluginManage:283 - PluginManage : Loaded plugins [17]
2023-10-11 22:55:08,484 [INFO] PinOutPanel:1499 - setPackage(No Configuration,No Configuration)
2023-10-11 22:55:08,544 [INFO] CADModel:165 - CPN selected for project level
2023-10-11 22:55:08,544 [INFO] CADModel:114 - Register for checkConnection events
2023-10-11 22:55:08,552 [INFO] IPUIPlugin:80 - create IPUIPlugin
2023-10-11 22:55:08,552 [INFO] PluginManager:220 - loadIPPluginJar : add adc
2023-10-11 22:55:08,553 [INFO] IPUIPlugin:80 - create IPUIPlugin
2023-10-11 22:55:08,554 [INFO] PluginManager:220 - loadIPPluginJar : add aes
2023-10-11 22:55:08,555 [INFO] IPUIPlugin:80 - create IPUIPlugin
2023-10-11 22:55:08,555 [INFO] PluginManager:220 - loadIPPluginJar : add can
2023-10-11 22:55:08,556 [INFO] IPUIPlugin:80 - create IPUIPlugin
2023-10-11 22:55:08,556 [INFO] PluginManager:220 - loadIPPluginJar : add comp
2023-10-11 22:55:08,557 [INFO] IPUIPlugin:80 - create IPUIPlugin
2023-10-11 22:55:08,557 [INFO] PluginManager:220 - loadIPPluginJar : add cryp
2023-10-11 22:55:08,558 [INFO] IPUIPlugin:80 - create IPUIPlugin
2023-10-11 22:55:08,558 [INFO] PluginManager:220 - loadIPPluginJar : add dfsdm
2023-10-11 22:55:08,561 [INFO] IPUIPlugin:80 - create IPUIPlugin
2023-10-11 22:55:08,561 [INFO] PluginManager:220 - loadIPPluginJar : add dma
2023-10-11 22:55:08,563 [INFO] IPUIPlugin:80 - create IPUIPlugin
2023-10-11 22:55:08,563 [INFO] PluginManager:220 - loadIPPluginJar : add dma3
2023-10-11 22:55:08,563 [INFO] IPUIPlugin:80 - create IPUIPlugin
2023-10-11 22:55:08,564 [INFO] PluginManager:220 - loadIPPluginJar : add fatfs
2023-10-11 22:55:08,566 [INFO] IPUIPlugin:80 - create IPUIPlugin
2023-10-11 22:55:08,566 [INFO] PluginManager:220 - loadIPPluginJar : add fmc
2023-10-11 22:55:08,569 [INFO] IPUIPlugin:80 - create IPUIPlugin
2023-10-11 22:55:08,569 [INFO] PluginManager:220 - loadIPPluginJar : add freertos
2023-10-11 22:55:08,570 [INFO] IPUIPlugin:80 - create IPUIPlugin
2023-10-11 22:55:08,570 [INFO] PluginManager:220 - loadIPPluginJar : add genericplugin
2023-10-11 22:55:08,571 [INFO] IPUIPlugin:80 - create IPUIPlugin
2023-10-11 22:55:08,571 [INFO] PluginManager:220 - loadIPPluginJar : add gfxmmu
2023-10-11 22:55:08,573 [INFO] IPUIPlugin:80 - create IPUIPlugin
2023-10-11 22:55:08,574 [INFO] PluginManager:220 - loadIPPluginJar : add gic
2023-10-11 22:55:08,576 [INFO] IPUIPlugin:80 - create IPUIPlugin
2023-10-11 22:55:08,576 [INFO] PluginManager:220 - loadIPPluginJar : add gpio
2023-10-11 22:55:08,577 [INFO] IPUIPlugin:80 - create IPUIPlugin
2023-10-11 22:55:08,577 [INFO] PluginManager:220 - loadIPPluginJar : add gtzc
2023-10-11 22:55:08,579 [INFO] IPUIPlugin:80 - create IPUIPlugin
2023-10-11 22:55:08,579 [INFO] PluginManager:220 - loadIPPluginJar : add hash
2023-10-11 22:55:08,580 [INFO] IPUIPlugin:80 - create IPUIPlugin
2023-10-11 22:55:08,580 [INFO] PluginManager:220 - loadIPPluginJar : add i2c
2023-10-11 22:55:08,582 [INFO] IPUIPlugin:80 - create IPUIPlugin
2023-10-11 22:55:08,582 [INFO] PluginManager:220 - loadIPPluginJar : add i2s
2023-10-11 22:55:08,583 [INFO] IPUIPlugin:80 - create IPUIPlugin
2023-10-11 22:55:08,583 [INFO] PluginManager:220 - loadIPPluginJar : add i3c
2023-10-11 22:55:08,585 [INFO] IPUIPlugin:80 - create IPUIPlugin
2023-10-11 22:55:08,585 [INFO] PluginManager:220 - loadIPPluginJar : add ipddr
2023-10-11 22:55:08,588 [INFO] IPUIPlugin:80 - create IPUIPlugin
2023-10-11 22:55:08,588 [INFO] PluginManager:220 - loadIPPluginJar : add linkedlist
2023-10-11 22:55:08,590 [INFO] IPUIPlugin:80 - create IPUIPlugin
2023-10-11 22:55:08,590 [INFO] PluginManager:220 - loadIPPluginJar : add lorawan
2023-10-11 22:55:08,591 [INFO] IPUIPlugin:80 - create IPUIPlugin
2023-10-11 22:55:08,591 [INFO] PluginManager:220 - loadIPPluginJar : add ltdc
2023-10-11 22:55:08,594 [INFO] IPUIPlugin:80 - create IPUIPlugin
2023-10-11 22:55:08,594 [INFO] PluginManager:220 - loadIPPluginJar : add mdma
2023-10-11 22:55:08,596 [INFO] IPUIPlugin:80 - create IPUIPlugin
2023-10-11 22:55:08,596 [INFO] PluginManager:220 - loadIPPluginJar : add nvic
2023-10-11 22:55:08,598 [INFO] IPUIPlugin:80 - create IPUIPlugin
2023-10-11 22:55:08,598 [INFO] PluginManager:220 - loadIPPluginJar : add opamp
2023-10-11 22:55:08,599 [INFO] IPUIPlugin:80 - create IPUIPlugin
2023-10-11 22:55:08,599 [INFO] PluginManager:220 - loadIPPluginJar : add openamp
2023-10-11 22:55:08,601 [INFO] IPUIPlugin:80 - create IPUIPlugin
2023-10-11 22:55:08,601 [INFO] PluginManager:220 - loadIPPluginJar : add pdm2pcm
2023-10-11 22:55:08,604 [INFO] IPUIPlugin:80 - create IPUIPlugin
2023-10-11 22:55:08,606 [INFO] PluginManager:220 - loadIPPluginJar : add plateformsettings
2023-10-11 22:55:08,606 [INFO] IPUIPlugin:80 - create IPUIPlugin
2023-10-11 22:55:08,607 [INFO] PluginManager:220 - loadIPPluginJar : add quadspi
2023-10-11 22:55:08,608 [INFO] IPUIPlugin:80 - create IPUIPlugin
2023-10-11 22:55:08,608 [INFO] PluginManager:220 - loadIPPluginJar : add resmgrutility
2023-10-11 22:55:08,610 [INFO] IPUIPlugin:80 - create IPUIPlugin
2023-10-11 22:55:08,610 [INFO] PluginManager:220 - loadIPPluginJar : add sai
2023-10-11 22:55:08,611 [INFO] IPUIPlugin:80 - create IPUIPlugin
2023-10-11 22:55:08,611 [INFO] PluginManager:220 - loadIPPluginJar : add spi
2023-10-11 22:55:08,613 [INFO] IPUIPlugin:80 - create IPUIPlugin
2023-10-11 22:55:08,613 [INFO] PluginManager:220 - loadIPPluginJar : add stm32_wpan
2023-10-11 22:55:08,614 [INFO] IPUIPlugin:80 - create IPUIPlugin
2023-10-11 22:55:08,614 [INFO] PluginManager:220 - loadIPPluginJar : add tim
2023-10-11 22:55:08,616 [INFO] IPUIPlugin:80 - create IPUIPlugin
2023-10-11 22:55:08,616 [INFO] PluginManager:220 - loadIPPluginJar : add touchsensing
2023-10-11 22:55:08,618 [INFO] IPUIPlugin:80 - create IPUIPlugin
2023-10-11 22:55:08,618 [INFO] PluginManager:220 - loadIPPluginJar : add tracer_emb
2023-10-11 22:55:08,619 [INFO] IPUIPlugin:80 - create IPUIPlugin
2023-10-11 22:55:08,619 [INFO] PluginManager:220 - loadIPPluginJar : add ts
2023-10-11 22:55:08,620 [INFO] IPUIPlugin:80 - create IPUIPlugin
2023-10-11 22:55:08,620 [INFO] PluginManager:220 - loadIPPluginJar : add tsc
2023-10-11 22:55:08,621 [INFO] IPUIPlugin:80 - create IPUIPlugin
2023-10-11 22:55:08,621 [INFO] PluginManager:220 - loadIPPluginJar : add ucpd
2023-10-11 22:55:08,623 [INFO] IPUIPlugin:80 - create IPUIPlugin
2023-10-11 22:55:08,623 [INFO] PluginManager:220 - loadIPPluginJar : add usart
2023-10-11 22:55:08,624 [INFO] IPUIPlugin:80 - create IPUIPlugin
2023-10-11 22:55:08,624 [INFO] PluginManager:220 - loadIPPluginJar : add usbx
2023-10-11 22:55:08,723 [INFO] CADModel:165 - CPN selected for project level
2023-10-11 22:55:08,723 [INFO] CADModel:114 - Register for checkConnection events
2023-10-11 22:55:08,723 [FATAL] Updater:308 - Updater called before beeing initialized
2023-10-11 22:55:08,723 [ERROR] CADModel:125 - Updater not yet initialized, retry later 
2023-10-11 22:55:08,785 [INFO] CADModel:165 - CPN selected for project level
2023-10-11 22:55:08,785 [INFO] CADModel:114 - Register for checkConnection events
2023-10-11 22:55:08,786 [FATAL] Updater:308 - Updater called before beeing initialized
2023-10-11 22:55:08,786 [ERROR] CADModel:125 - Updater not yet initialized, retry later 
2023-10-11 22:55:08,787 [FATAL] Updater:308 - Updater called before beeing initialized
2023-10-11 22:55:08,849 [FATAL] Updater:308 - Updater called before beeing initialized
2023-10-11 22:55:08,853 [INFO] DbMcusAds:53 - JSON generation date=Tue Mar 07 05:50:55 ART 2023 (1678179055114)
2023-10-11 22:55:08,853 [FATAL] Updater:308 - Updater called before beeing initialized
2023-10-11 22:55:08,876 [WARN] DetailPanel:346 - Failed to get advertising image, set to default
2023-10-11 22:55:08,945 [FATAL] Updater:308 - Updater called before beeing initialized
2023-10-11 22:55:08,946 [FATAL] Updater:308 - Updater called before beeing initialized
2023-10-11 22:55:08,946 [FATAL] Updater:308 - Updater called before beeing initialized
2023-10-11 22:55:08,946 [WARN] DetailPanel:346 - Failed to get advertising image, set to default
2023-10-11 22:55:08,947 [FATAL] Updater:308 - Updater called before beeing initialized
2023-10-11 22:55:08,970 [ERROR] Updater:1120 - MainUpdater not yet initialized. External WinMGr cannot be set.
2023-10-11 22:55:08,972 [INFO] Updater:1056 - Updater Version found : 6.9.1
2023-10-11 22:55:08,981 [INFO] ApplicationProperties:184 - Using Application install path: C:\ST\STM32CubeIDE_1.13.1\STM32CubeIDE\plugins\com.st.stm32cube.common.mx_6.9.1.202307191849
2023-10-11 22:55:09,069 [INFO] MainUpdater:2868 - connection check result : 10
2023-10-11 22:55:09,070 [INFO] MainUpdater:285 - Updater Check For Update Now.
2023-10-11 22:55:09,070 [INFO] MicroXplorer:498 - Change Database Version : DB.6.0.91
2023-10-11 22:55:09,074 [INFO] McuFinderGlobals:63 - Set McuFinder mode to 2 (CubeIDE integrated)
2023-10-11 22:55:09,226 [INFO] CheckServerUpdateThread:120 - End of CheckServer Thread
2023-10-11 22:55:11,352 [WARN] PackLoader:240 - Cannot read IP mode file for STMicroelectronics.X-CUBE-SMBUS.2.1.0
2023-10-11 22:55:11,372 [WARN] PackLoader:240 - Cannot read IP mode file for STMicroelectronics.X-CUBE-AZRTOS-F7.1.1.0
2023-10-11 22:55:11,390 [WARN] PackLoader:240 - Cannot read IP mode file for STMicroelectronics.FP-SNS-MOTENV1.4.3.2
2023-10-11 22:55:11,397 [WARN] PackLoader:240 - Cannot read IP mode file for STMicroelectronics.X-CUBE-BLE1.6.2.4
2023-10-11 22:55:11,401 [WARN] PackLoader:240 - Cannot read IP mode file for STMicroelectronics.FP-SNS-FLIGHT1.5.0.2
2023-10-11 22:55:11,408 [WARN] PackLoader:240 - Cannot read IP mode file for STMicroelectronics.X-CUBE-DISPLAY.3.0.0
2023-10-11 22:55:11,415 [WARN] PackLoader:240 - Cannot read IP mode file for STMicroelectronics.X-CUBE-BLE1.7.0.0
2023-10-11 22:55:11,420 [WARN] PackLoader:240 - Cannot read IP mode file for emotas.I-CUBE-CANOPEN.1.3.0
2023-10-11 22:55:11,424 [WARN] PackLoader:240 - Cannot read IP mode file for STMicroelectronics.X-CUBE-TOUCHGFX.4.22.0
2023-10-11 22:55:11,426 [WARN] PackLoader:240 - Cannot read IP mode file for STMicroelectronics.X-CUBE-TOUCHGFX.4.22.1
2023-10-11 22:55:11,430 [WARN] PackLoader:240 - Cannot read IP mode file for STMicroelectronics.FP-SNS-SMARTAG2.1.2.0
2023-10-11 22:55:11,437 [INFO] LogOutputStream:77 - [STDOUT_REDIRECT] 1 : Invalid condition id : UX_CORESTACK_Condition cause : null
2023-10-11 22:55:11,438 [INFO] LogOutputStream:77 - [STDOUT_REDIRECT] 1 : Invalid condition id : UX_CORESTACK_Condition cause : null
2023-10-11 22:55:11,438 [INFO] LogOutputStream:77 - [STDOUT_REDIRECT] 1 : Invalid condition id : UX_CORESTACK_Condition cause : null
2023-10-11 22:55:11,439 [INFO] LogOutputStream:77 - [STDOUT_REDIRECT] 1 : Invalid condition id : UX_CORESTACK_Condition cause : null
2023-10-11 22:55:11,440 [INFO] LogOutputStream:77 - [STDOUT_REDIRECT] 1 : Invalid condition id : UX_CORESTACK_Condition cause : null
2023-10-11 22:55:11,442 [WARN] PackLoader:240 - Cannot read IP mode file for STMicroelectronics.X-CUBE-AZRTOS-WL.2.0.0
2023-10-11 22:55:11,460 [WARN] PackLoader:240 - Cannot read IP mode file for WES.I-CUBE-Cesium.1.3.0
2023-10-11 22:55:11,464 [WARN] PackLoader:240 - Cannot read IP mode file for STMicroelectronics.X-CUBE-BLE2.3.3.0
2023-10-11 22:55:11,468 [WARN] PackLoader:240 - Cannot read IP mode file for STMicroelectronics.X-CUBE-ALGOBUILD.1.3.0
2023-10-11 22:55:11,479 [WARN] PackLoader:240 - Cannot read IP mode file for STMicroelectronics.X-CUBE-AZRTOS-G0.1.1.0
2023-10-11 22:55:11,485 [WARN] PackLoader:240 - Cannot read IP mode file for STMicroelectronics.X-CUBE-NFC4.3.0.0
2023-10-11 22:55:11,489 [WARN] PackLoader:240 - Cannot read IP mode file for STMicroelectronics.FP-ATR-SIGFOX1.3.2.0
2023-10-11 22:55:11,509 [WARN] PackLoader:240 - Cannot read IP mode file for SEGGER.I-CUBE-embOS.1.3.1
2023-10-11 22:55:11,535 [WARN] PackLoader:240 - Cannot read IP mode file for STMicroelectronics.X-CUBE-GNSS1.6.0.0
2023-10-11 22:55:11,545 [WARN] PackLoader:240 - Cannot read IP mode file for STMicroelectronics.X-CUBE-AZRTOS-F4.1.1.0
2023-10-11 22:55:11,549 [WARN] PackLoader:240 - Cannot read IP mode file for wolfSSL.I-CUBE-wolfSSL.5.6.3
2023-10-11 22:55:11,558 [WARN] PackLoader:240 - Cannot read IP mode file for STMicroelectronics.X-CUBE-AZRTOS-L5.2.0.0
2023-10-11 22:55:11,582 [WARN] PackLoader:240 - Cannot read IP mode file for STMicroelectronics.X-CUBE-MEMS1.9.6.0
2023-10-11 22:55:11,685 [WARN] PackLoader:240 - Cannot read IP mode file for ITTIA_DB.I-CUBE-ITTIADB.8.8.0
2023-10-11 22:55:11,708 [WARN] PackLoader:240 - Cannot read IP mode file for STMicroelectronics.X-CUBE-BLEMGR.2.0.0
2023-10-11 22:55:11,722 [WARN] ConditionMgr:438 - getConditionDescription Invalid condition id : UX DEVICE CLASS RTOS Condition cause : null
2023-10-11 22:55:11,722 [WARN] ConditionMgr:438 - getConditionDescription Invalid condition id : UX DEVICE CLASS RTOS Condition cause : null
2023-10-11 22:55:11,725 [WARN] PackLoader:240 - Cannot read IP mode file for STMicroelectronics.X-CUBE-AZRTOS-H7.3.1.0
2023-10-11 22:55:11,726 [WARN] ConditionMgr:1039 - genDependencies : Invalid condition id : UX DEVICE CLASS RTOS Condition cause : null
2023-10-11 22:55:11,726 [WARN] ConditionMgr:1039 - genDependencies : Invalid condition id : UX DEVICE CLASS RTOS Condition cause : null
2023-10-11 22:55:11,727 [WARN] ConditionMgr:1039 - genDependencies : Invalid condition id : UX DEVICE CLASS RTOS Condition cause : null
2023-10-11 22:55:11,727 [WARN] ConditionMgr:1039 - genDependencies : Invalid condition id : UX DEVICE CLASS RTOS Condition cause : null
2023-10-11 22:55:11,728 [WARN] ConditionMgr:1039 - genDependencies : Invalid condition id : UX DEVICE CLASS RTOS Condition cause : null
2023-10-11 22:55:11,733 [WARN] PackLoader:240 - Cannot read IP mode file for STMicroelectronics.X-CUBE-NFC7.1.0.1
2023-10-11 22:55:11,740 [WARN] PackLoader:240 - Cannot read IP mode file for STMicroelectronics.X-CUBE-NFC6.3.0.0
2023-10-11 22:55:11,747 [WARN] PackLoader:240 - Cannot read IP mode file for STMicroelectronics.X-CUBE-EEPRMA1.4.1.0
2023-10-11 22:55:11,752 [WARN] PackLoader:240 - Cannot read IP mode file for STMicroelectronics.X-CUBE-AI.8.1.0
2023-10-11 22:55:11,766 [WARN] ConditionMgr:438 - getConditionDescription Invalid condition id : LAN8742 Phy interface Condition cause : null
2023-10-11 22:55:11,767 [WARN] PackLoader:240 - Cannot read IP mode file for STMicroelectronics.X-CUBE-AZRTOS-L4.2.0.0
2023-10-11 22:55:11,767 [WARN] ConditionMgr:1039 - genDependencies : Invalid condition id : LAN8742 Phy interface Condition cause : null
2023-10-11 22:55:11,768 [WARN] ConditionMgr:1039 - genDependencies : Invalid condition id : LAN8742 Phy interface Condition cause : null
2023-10-11 22:55:11,768 [WARN] ConditionMgr:1039 - genDependencies : Invalid condition id : LAN8742 Phy interface Condition cause : null
2023-10-11 22:55:11,774 [WARN] PackLoader:240 - Cannot read IP mode file for STMicroelectronics.X-CUBE-SFXS2LP1.4.0.0
2023-10-11 22:55:11,780 [WARN] PackLoader:240 - Cannot read IP mode file for STMicroelectronics.X-CUBE-ISPU.1.1.0
2023-10-11 22:55:11,789 [WARN] ConditionMgr:438 - getConditionDescription Invalid condition id : UX DEVICE CLASS RTOS Condition cause : null
2023-10-11 22:55:11,789 [WARN] ConditionMgr:438 - getConditionDescription Invalid condition id : UX DEVICE CLASS RTOS Condition cause : null
2023-10-11 22:55:11,790 [WARN] PackLoader:240 - Cannot read IP mode file for STMicroelectronics.X-CUBE-AZRTOS-WB.2.0.0
2023-10-11 22:55:11,791 [WARN] ConditionMgr:1039 - genDependencies : Invalid condition id : UX DEVICE CLASS RTOS Condition cause : null
2023-10-11 22:55:11,791 [WARN] ConditionMgr:1039 - genDependencies : Invalid condition id : UX DEVICE CLASS RTOS Condition cause : null
2023-10-11 22:55:11,791 [WARN] ConditionMgr:1039 - genDependencies : Invalid condition id : UX DEVICE CLASS RTOS Condition cause : null
2023-10-11 22:55:11,792 [WARN] ConditionMgr:1039 - genDependencies : Invalid condition id : UX DEVICE CLASS RTOS Condition cause : null
2023-10-11 22:55:11,792 [WARN] ConditionMgr:1039 - genDependencies : Invalid condition id : UX DEVICE CLASS RTOS Condition cause : null
2023-10-11 22:55:11,795 [WARN] PackLoader:240 - Cannot read IP mode file for STMicroelectronics.X-CUBE-FREERTOS.1.0.1
2023-10-11 22:55:11,803 [WARN] PackLoader:240 - Cannot read IP mode file for STMicroelectronics.X-CUBE-AZRTOS-L5.1.1.0
2023-10-11 22:55:11,810 [WARN] PackLoader:240 - Cannot read IP mode file for STMicroelectronics.X-CUBE-SUBG2.5.0.0
2023-10-11 22:55:11,823 [WARN] PackLoader:240 - Cannot read IP mode file for STMicroelectronics.X-CUBE-TOF1.3.3.1
2023-10-11 22:55:11,841 [WARN] PackLoader:240 - Cannot read IP mode file for STMicroelectronics.X-CUBE-AZRTOS-G4.2.0.0
2023-10-11 22:55:11,852 [WARN] PackLoader:240 - Cannot read IP mode file for Infineon.AIROC-Wi-Fi-Bluetooth-STM32.1.5.1
2023-10-11 22:55:11,857 [WARN] PackLoader:240 - Cannot read IP mode file for STMicroelectronics.X-CUBE-FREERTOS.1.1.0
2023-10-11 22:55:11,861 [WARN] PackLoader:240 - Cannot read IP mode file for portGmbH.I-Cube-SoM-uGOAL.1.1.0
2023-10-11 22:55:11,864 [WARN] PackLoader:240 - Cannot read IP mode file for STMicroelectronics.X-CUBE-ALS.1.0.1
2023-10-11 22:55:11,870 [WARN] PackLoader:240 - Cannot read IP mode file for STMicroelectronics.X-CUBE-AZRTOS-WB.1.1.0
2023-10-11 22:55:11,874 [WARN] PackLoader:240 - Cannot read IP mode file for STMicroelectronics.FP-ATR-ASTRA1.2.0.0
2023-10-11 22:55:11,874 [INFO] ThirdParty:978 - Integrity check success = true
2023-10-11 22:55:11,874 [INFO] IntegrityCheckThread:100 - exiting critical section [integrity check]
2023-10-11 22:55:11,875 [INFO] IntegrityCheckThread:103 - End integrity checks thread
2023-10-11 22:55:30,210 [ERROR] LogOutputStream:75 - [STDERR_REDIRECT] SLF4J: Failed to load class "org.slf4j.impl.StaticLoggerBinder".
2023-10-11 22:55:30,210 [ERROR] LogOutputStream:75 - [STDERR_REDIRECT] SLF4J: Defaulting to no-operation (NOP) logger implementation
2023-10-11 22:55:30,211 [ERROR] LogOutputStream:75 - [STDERR_REDIRECT] SLF4J: See http://www.slf4j.org/codes.html#StaticLoggerBinder for further details.
2023-10-11 23:12:19,604 [INFO] McuFinderGlobals:63 - Set McuFinder mode to 2 (CubeIDE integrated)
2023-10-11 23:12:20,990 [INFO] MainUpdater:2868 - connection check result : 10
2023-10-11 23:12:20,995 [INFO] MainUpdater:2868 - connection check result : 10
2023-10-11 23:12:21,102 [INFO] MicroXplorer:468 - Change Database Path : 
2023-10-11 23:12:21,102 [INFO] MicroXplorer:498 - Change Database Version : DB.6.0.91
2023-10-11 23:12:21,104 [WARN] ThirdParty:871 - waiting for thirdparty lock release [close project]
2023-10-11 23:12:21,104 [INFO] ThirdParty:873 - entering critical section [close project]
2023-10-11 23:12:21,105 [INFO] ThirdParty:883 - exiting critical section [close project]
2023-10-11 23:12:21,106 [INFO] PinOutPanel:1499 - setPackage(No Configuration,No Configuration)
2023-10-11 23:12:21,111 [INFO] UtilMem:75 - Begin LoadConfig() Used Memory: 482477048 Bytes (951058432)
2023-10-11 23:12:21,112 [INFO] MicroXplorer:468 - Change Database Path : 
2023-10-11 23:12:21,112 [INFO] MicroXplorer:498 - Change Database Version : DB.6.0.91
2023-10-11 23:12:21,112 [INFO] OpenFileManager:308 - Change cursor
2023-10-11 23:12:21,138 [INFO] Mcu:1946 - Initializing MCU STM32F446R(C-E)Tx STM32F446RETx STM32F446RET6
2023-10-11 23:12:22,249 [INFO] Context:659 - Trying to add GPIOservice into a context  which must be forbidden
2023-10-11 23:12:22,677 [INFO] RtosManager:555 - Registered RTOS mode: class=CMSIS, group=RTOS, mode=CMSIS_V1, owner=FREERTOS
2023-10-11 23:12:22,677 [INFO] RtosManager:555 - Registered RTOS mode: class=CMSIS, group=RTOS2, mode=CMSIS_V2, owner=FREERTOS
2023-10-11 23:12:22,677 [INFO] RtosManager:555 - Registered RTOS mode: class=RTOS, group=Core, mode=CMSIS_V1, owner=FREERTOS
2023-10-11 23:12:22,677 [INFO] RtosManager:555 - Registered RTOS mode: class=RTOS, group=Core, mode=CMSIS_V2, owner=FREERTOS
2023-10-11 23:12:22,677 [WARN] ModelIntegratedComponent:184 - Missing modes for component STMicroelectronics:FreeRTOS:0.0.1:STMicroelectronics:RTOS:FreeRTOS:Core:::10.2.0:
2023-10-11 23:12:22,684 [WARN] ModelIntegratedComponent:63 - No mode defined for component null
2023-10-11 23:12:22,684 [WARN] ModelIntegratedComponent:63 - No mode defined for component null
2023-10-11 23:12:22,684 [WARN] ModelIntegratedComponent:63 - No mode defined for component null
2023-10-11 23:12:22,684 [WARN] ModelIntegratedComponent:63 - No mode defined for component null
2023-10-11 23:12:22,684 [WARN] ModelIntegratedComponent:63 - No mode defined for component null
2023-10-11 23:12:22,684 [WARN] ModelIntegratedComponent:63 - No mode defined for component null
2023-10-11 23:12:22,684 [WARN] ModelIntegratedComponent:63 - No mode defined for component null
2023-10-11 23:12:22,684 [WARN] ModelIntegratedComponent:63 - No mode defined for component null
2023-10-11 23:12:22,684 [WARN] ModelIntegratedComponent:63 - No mode defined for component null
2023-10-11 23:12:22,684 [WARN] ModelIntegratedComponent:63 - No mode defined for component null
2023-10-11 23:12:22,685 [WARN] ModelIntegratedComponent:63 - No mode defined for component null
2023-10-11 23:12:22,685 [WARN] ModelIntegratedComponent:63 - No mode defined for component null
2023-10-11 23:12:22,685 [WARN] ModelIntegratedComponent:63 - No mode defined for component null
2023-10-11 23:12:22,685 [WARN] ModelIntegratedComponent:63 - No mode defined for component null
2023-10-11 23:12:22,685 [WARN] ModelIntegratedComponent:63 - No mode defined for component null
2023-10-11 23:12:22,685 [WARN] ModelIntegratedComponent:63 - No mode defined for component null
2023-10-11 23:12:22,685 [WARN] ModelIntegratedComponent:63 - No mode defined for component null
2023-10-11 23:12:22,685 [WARN] ModelIntegratedComponent:63 - No mode defined for component null
2023-10-11 23:12:22,685 [WARN] ModelIntegratedComponent:63 - No mode defined for component null
2023-10-11 23:12:22,685 [WARN] ModelIntegratedComponent:63 - No mode defined for component null
2023-10-11 23:12:22,685 [WARN] ModelIntegratedComponent:63 - No mode defined for component null
2023-10-11 23:12:22,685 [WARN] ModelIntegratedComponent:63 - No mode defined for component null
2023-10-11 23:12:22,685 [WARN] ModelIntegratedComponent:63 - No mode defined for component null
2023-10-11 23:12:22,685 [WARN] ModelIntegratedComponent:63 - No mode defined for component null
2023-10-11 23:12:22,685 [WARN] ModelIntegratedComponent:63 - No mode defined for component null
2023-10-11 23:12:22,685 [WARN] ModelIntegratedComponent:63 - No mode defined for component null
2023-10-11 23:12:22,685 [WARN] ModelIntegratedComponent:63 - No mode defined for component null
2023-10-11 23:12:22,685 [WARN] ModelIntegratedComponent:63 - No mode defined for component null
2023-10-11 23:12:22,685 [WARN] ModelIntegratedComponent:63 - No mode defined for component null
2023-10-11 23:12:22,685 [WARN] ModelIntegratedComponent:63 - No mode defined for component null
2023-10-11 23:12:22,685 [WARN] ModelIntegratedComponent:63 - No mode defined for component null
2023-10-11 23:12:22,685 [WARN] ModelIntegratedComponent:63 - No mode defined for component null
2023-10-11 23:12:22,685 [WARN] ModelIntegratedComponent:63 - No mode defined for component null
2023-10-11 23:12:22,699 [INFO] ThirdPartyModel:298 - Start build external matchings
2023-10-11 23:12:22,988 [INFO] ThirdPartyModel:316 - End build external matchings
2023-10-11 23:12:22,996 [INFO] ImportTextPane:194 - (OptionalMessage_ERROR) IP (RCC) : Invalid parameter (48MHZClocksFreq_Value)
2023-10-11 23:12:22,996 [INFO] ImportTextPane:194 - (OptionalMessage_ERROR) IP (RCC) : Invalid parameter (EthernetFreq_Value)
2023-10-11 23:12:22,997 [INFO] ImportTextPane:194 - (OptionalMessage_ERROR) IP (RCC) : Parameter (FLatency) has Id (AdvancedSettings) currently not set
2023-10-11 23:12:22,997 [INFO] ImportTextPane:194 - (OptionalMessage_ERROR) IP (RCC) : Invalid parameter (FamilyName)
2023-10-11 23:12:22,997 [INFO] ImportTextPane:194 - (OptionalMessage_ERROR) IP (RCC) : Invalid parameter (I2SClocksFreq_Value)
2023-10-11 23:12:22,998 [INFO] ImportTextPane:194 - (OptionalMessage_ERROR) IP (RCC) : Parameter (SDIOFreq_Value) has invalid value (168000000)
2023-10-11 23:12:22,998 [INFO] ImportTextPane:194 - (OptionalMessage_ERROR) IP (RCC) : Parameter (USBFreq_Value) has invalid value (168000000)
2023-10-11 23:12:22,998 [INFO] ImportTextPane:194 - (OptionalMessage_ERROR) IP (RCC) : Invalid parameter (VCOInputMFreq_Value)
2023-10-11 23:12:22,998 [INFO] ImportTextPane:194 - (OptionalMessage_ERROR) IP (RCC) : Invalid parameter (VcooutputI2S)
2023-10-11 23:12:23,178 [INFO] UtilMem:75 - End LoadConfig() Used Memory: 809797456 Bytes (1073741824)
2023-10-11 23:12:23,276 [INFO] ApiDb:581 - Connected to CubeFinder SQLite database (C:\Users\Compumax\.stmcufinder\plugins\mcufinder\mcu\cube-finder-db.db)
2023-10-11 23:12:23,376 [INFO] ApiDb:668 - CubeFinder database Data Model version=2.1
2023-10-11 23:12:23,376 [INFO] ApiDb:669 - CubeFinder database Configuration version=3.0.37
2023-10-11 23:12:23,377 [INFO] ApiDb:670 - CubeFinder database generation date=2023-08-09 (1691586011)
2023-10-11 23:12:23,377 [INFO] ApiDb:671 - CubeFinder database FW Pack versions=[FP-ATR-ASTRA1_V2.0.0, FP-SNS-FLIGHT1_V5.0.1, FP-SNS-FLIGHT1_V5.0.2, FP-SNS-MOTENV1_V4.3.1, FP-SNS-MOTENV1_V4.3.2, STM32Cube_FW_C0_V1.1.0, STM32Cube_FW_F4_V1.27.1, STM32Cube_FW_F7_V1.17.0, STM32Cube_FW_G0_V1.6.1, STM32Cube_FW_G4_V1.5.1, STM32Cube_FW_H5_V0.5.1, STM32Cube_FW_H5_V1.1.0, STM32Cube_FW_H7_V1.11.0, STM32Cube_FW_L0_V1.12.2, STM32Cube_FW_L5_V1.5.0, STM32Cube_FW_U5_V1.3.0, STM32Cube_FW_U5_V1.3.0RC4, STM32Cube_FW_WBA_V1.0.0RC1, STM32Cube_FW_WBA_V1.1.0, STM32Cube_FW_WBA_V1.1.0RC1, STM32Cube_FW_WB_V1.15.0RC1, STM32Cube_FW_WB_V1.16.0, STM32Cube_FW_WB_V1.16.0RC2, STM32Cube_FW_WB_V1.17.0, STM32Cube_FW_WL_V1.3.0, X-CUBE-ALGOBUILD_V1.3.0, X-CUBE-ALS_V1.0.1, X-CUBE-AZRTOS-F4_V1.1.0, X-CUBE-AZRTOS-F7_V1.1.0, X-CUBE-AZRTOS-G0_V1.1.0, X-CUBE-AZRTOS-G4_V2.0.0, X-CUBE-AZRTOS-H7_V3.1.0, X-CUBE-AZRTOS-L4_V1.0.0, X-CUBE-AZRTOS-L4_V2.0.0, X-CUBE-AZRTOS-L5_V1.1.0, X-CUBE-AZRTOS-WB_V1.1.0, X-CUBE-AZRTOS-WL_V2.0.0, X-CUBE-BLE1_V7.0.0, X-CUBE-BLE2_V3.3.0, X-CUBE-BLEMGR_V2.0.0, X-CUBE-EEPRMA1_V4.1.0, X-CUBE-FREERTOS_V1.1.0, X-CUBE-GNSS1_V6.0.0, X-CUBE-MEMS1_V9.1.0, X-CUBE-MEMS1_V9.4.0, X-CUBE-MEMS1_V9.6.0, X-CUBE-NFC4_V3.0.0, X-CUBE-NFC7_V1.0.0, X-CUBE-SFXS2LP1_V4.0.0, X-CUBE-SUBG2_V5.0.0, X-CUBE-TOF1_V3.3.1]
2023-10-11 23:12:25,476 [INFO] ApiDb:240 - Found 323 in-development CPN: [B-G473E-ZEST1S, B-WB1M-WPAN1, B-WL5M-SUBG1, NUCLEO-C031C6, NUCLEO-H503RB, NUCLEO-H563ZI, NUCLEO-U545RE-Q, NUCLEO-U5A5ZJ-Q, NUCLEO-WBA52CG, STEVAL-PROTEUS1, STEVAL-SMARTAG2, STEVAL-STWINBX1, STM320518-EVAL, STM32C0116-DK, STM32C011D6Y3TR, STM32C011D6Y6TR, STM32C011F4P3, STM32C011F4P6, STM32C011F4U3, STM32C011F4U6TR, STM32C011F6P3, STM32C011F6P6, STM32C011F6U3, STM32C011F6U6TR, STM32C011J4M3, STM32C011J4M6, STM32C011J6M3, STM32C011J6M6, STM32C0316-DK, STM32C031C4T3, STM32C031C4T6, STM32C031C4U3, STM32C031C4U6, STM32C031C6T3, STM32C031C6T6, STM32C031C6U3, STM32C031C6U6, STM32C031F4P3, STM32C031F4P6, STM32C031F6P3, STM32C031F6P6, STM32C031G4U3, STM32C031G4U6, STM32C031G6U3, STM32C031G6U6, STM32C031K4T3, STM32C031K4T6, STM32C031K4U3, STM32C031K4U6, STM32C031K6T3, STM32C031K6T6, STM32C031K6U3, STM32C031K6U6, STM32G071K8TXN, STM32G071K8UXN, STM32G081GBU6N, STM32G081KBT6N, STM32G081KBUXN, STM32G0B1CCT6N, STM32G0B1KCT6, STM32G0B1NEY6TR, STM32G0B1RCT6N, STM32G0C1CCT6, STM32G0C1CCT6N, STM32G0C1CCU6N, STM32G0C1CET6N, STM32G0C1CEU6N, STM32G0C1KCT6, STM32G0C1NEY6TR, STM32G0C1RCI6N, STM32G0C1RCT6N, STM32G0C1REI6N, STM32G0C1RET6N, STM32G0C1VCI6, STM32G0C1VEI6, STM32G471CCT6, STM32G471CCU6, STM32G471CET3, STM32G471CET6, STM32G471CEU3, STM32G471CEU6, STM32G471MCT6, STM32G471MET3, STM32G471MET6, STM32G471MEY6TR, STM32G471QCT6, STM32G471QET3, STM32G471RCT6, STM32G471RET3, STM32G471RET6, STM32G471VCH6, STM32G471VCI6, STM32G471VCT6, STM32G471VEH3, STM32G471VEH6, STM32G471VEI3, STM32G471VEI6, STM32G471VET3, STM32G471VET6, STM32G474CCT6, STM32H503CBT6, STM32H503CBU6, STM32H503EBY6TR, STM32H503KBU6, STM32H503RBT6, STM32H562AGI6, STM32H562AII6, STM32H562IGK6, STM32H562IGT6, STM32H562IIK6, STM32H562IIT6, STM32H562RGT6, STM32H562RGV6, STM32H562RIT6, STM32H562RIV6, STM32H562VGT6, STM32H562VIT6, STM32H562ZGT6, STM32H562ZIT6, STM32H563AGI6, STM32H563AII3Q, STM32H563AII6, STM32H563IGK6, STM32H563IGT6, STM32H563IIK3Q, STM32H563IIK6, STM32H563IIT3Q, STM32H563IIT6, STM32H563MIY3QTR, STM32H563RGT6, STM32H563RGV6, STM32H563RIT6, STM32H563RIV6, STM32H563VGT6, STM32H563VIT3Q, STM32H563VIT6, STM32H563ZGT6, STM32H563ZIT3Q, STM32H563ZIT6, STM32H573AII3Q, STM32H573AII6, STM32H573I-DK, STM32H573IIK3Q, STM32H573IIK6, STM32H573IIT3Q, STM32H573IIT6, STM32H573MIY3QTR, STM32H573RIT6, STM32H573RIV6, STM32H573VIT3Q, STM32H573VIT6, STM32H573ZIT3Q, STM32H573ZIT6, STM32L4R5QGI6STR, STM32MP131AAE3, STM32MP131AAF3, STM32MP131AAG3, STM32MP131CAE3, STM32MP131CAF3, STM32MP131CAG3, STM32MP131DAE7, STM32MP131DAF7, STM32MP131DAG7, STM32MP131FAE7, STM32MP131FAF7, STM32MP131FAG7, STM32MP133AAE3, STM32MP133AAF3, STM32MP133AAG3, STM32MP133CAE3, STM32MP133CAF3, STM32MP133CAG3, STM32MP133DAE7, STM32MP133DAF7, STM32MP133DAG7, STM32MP133FAE7, STM32MP133FAF7, STM32MP133FAG7, STM32MP135AAE3, STM32MP135AAF3, STM32MP135AAG3, STM32MP135CAE3, STM32MP135CAF3, STM32MP135CAG3, STM32MP135DAE7, STM32MP135DAF7, STM32MP135DAG7, STM32MP135F-DK, STM32MP135FAE7, STM32MP135FAF7, STM32MP135FAF7T, STM32MP135FAF7U, STM32MP135FAG7, STM32U535CBT6, STM32U535CBT6Q, STM32U535CBU6, STM32U535CBU6Q, STM32U535CCT6, STM32U535CCT6Q, STM32U535CCU6, STM32U535CCU6Q, STM32U535CET6, STM32U535CET6Q, STM32U535CEU6, STM32U535CEU6Q, STM32U535JEY6QTR, STM32U535NCY6QTR, STM32U535NEY6QTR, STM32U535RBI6, STM32U535RBI6Q, STM32U535RBT6, STM32U535RBT6Q, STM32U535RCI6, STM32U535RCI6Q, STM32U535RCT6, STM32U535RCT6Q, STM32U535REI6, STM32U535REI6Q, STM32U535RET6, STM32U535RET6Q, STM32U535VCI6, STM32U535VCI6Q, STM32U535VCT6, STM32U535VCT6Q, STM32U535VEI6, STM32U535VEI6Q, STM32U535VET6, STM32U535VET6Q, STM32U545CET6, STM32U545CET6Q, STM32U545CEU6, STM32U545CEU6Q, STM32U545JEY6QTR, STM32U545NEY6QTR, STM32U545REI6, STM32U545REI6Q, STM32U545RET6, STM32U545RET6Q, STM32U545VEI6, STM32U545VEI6Q, STM32U545VET6, STM32U545VET6Q, STM32U595AIH6, STM32U595AIH6Q, STM32U595AJH6, STM32U595AJH6Q, STM32U595QII6, STM32U595QII6Q, STM32U595QJI6, STM32U595QJI6Q, STM32U595RIT6, STM32U595RIT6Q, STM32U595RJT6, STM32U595RJT6Q, STM32U595VIT6, STM32U595VIT6Q, STM32U595VJT6, STM32U595VJT6Q, STM32U595ZIT6, STM32U595ZIT6Q, STM32U595ZIY6QTR, STM32U595ZJT6, STM32U595ZJT6Q, STM32U595ZJY6QTR, STM32U599BJY6QTR, STM32U599NIH6Q, STM32U599NJH6Q, STM32U599VIT6Q, STM32U599VJT6, STM32U599VJT6Q, STM32U599ZIT6Q, STM32U599ZIY6QTR, STM32U599ZJT6Q, STM32U599ZJY6QTR, STM32U5A5AJH6, STM32U5A5AJH6Q, STM32U5A5QJI6, STM32U5A5QJI6Q, STM32U5A5RJT6, STM32U5A5RJT6Q, STM32U5A5VJT6, STM32U5A5VJT6Q, STM32U5A5ZJT6, STM32U5A5ZJT6Q, STM32U5A5ZJY6QTR, STM32U5A9BJY6QTR, STM32U5A9J-DK, STM32U5A9NJH6Q, STM32U5A9VJT6Q, STM32U5A9ZJT6Q, STM32U5A9ZJY6QTR, STM32U5F7VIT6, STM32U5F7VIT6Q, STM32U5F7VJT6, STM32U5F7VJT6Q, STM32U5F9BJY6QTR, STM32U5F9NJH6Q, STM32U5F9VIT6Q, STM32U5F9VJT6Q, STM32U5F9ZIJ6QTR, STM32U5F9ZIT6Q, STM32U5F9ZJJ6QTR, STM32U5F9ZJT6Q, STM32U5G7VJT6, STM32U5G7VJT6Q, STM32U5G9BJY6QTR, STM32U5G9J-DK1, STM32U5G9J-DK2, STM32U5G9NJH6Q, STM32U5G9VJT6Q, STM32U5G9ZJJ6QTR, STM32U5G9ZJT6Q, STM32WB1MMCH6, STM32WBA52CEU6, STM32WBA52CEU6T, STM32WBA52CGU6, STM32WBA52CGU6T, STM32WBA52KEU6, STM32WBA52KEU6T, STM32WBA52KGU6, STM32WBA52KGU6T, STM32WL5MOCH6, STM32WL5MOCH6TR]
2023-10-11 23:12:25,479 [INFO] DbMcus:217 - Found 3848 MCUs, 3848 are supported
2023-10-11 23:12:25,480 [INFO] ApiDb:423 - Load user favorites file C:\Users\Compumax/.stm32cubeide/favorites.mcus.txt: 0 item(s)
2023-10-11 23:12:25,480 [INFO] ApiDb:427 - User favorites MCUs=[]
2023-10-11 23:12:25,480 [INFO] DbMcus:223 - Set 0 / 0 favorites MCUs
2023-10-11 23:12:25,769 [WARN] ThirdParty:833 - waiting for thirdparty lock release [change project]
2023-10-11 23:12:25,769 [INFO] ThirdParty:835 - entering critical section [change project]
2023-10-11 23:12:25,769 [INFO] ThirdParty:1030 - CMSIS Pack Vendor :STMicroelectronics X-CUBE-ISPU 1.1.0
2023-10-11 23:12:25,769 [INFO] ThirdParty:1030 - CMSIS Pack Vendor :STMicroelectronics USBPD 4.1
2023-10-11 23:12:25,769 [INFO] ThirdParty:1030 - CMSIS Pack Vendor :STMicroelectronics X-CUBE-GNSS1 6.0.0
2023-10-11 23:12:25,769 [INFO] ThirdParty:1030 - CMSIS Pack Vendor :STMicroelectronics USB_HOST 2.0.0
2023-10-11 23:12:25,769 [INFO] ThirdParty:1030 - CMSIS Pack Vendor :STMicroelectronics X-CUBE-AZRTOS-F4 1.1.0
2023-10-11 23:12:25,769 [INFO] ThirdParty:1030 - CMSIS Pack Vendor :STMicroelectronics LIBJPEG 8.0.0
2023-10-11 23:12:25,769 [INFO] ThirdParty:1030 - CMSIS Pack Vendor :wolfSSL I-CUBE-wolfSSL 5.6.3
2023-10-11 23:12:25,769 [INFO] ThirdParty:1030 - CMSIS Pack Vendor :STMicroelectronics X-CUBE-SMBUS 2.1.0
2023-10-11 23:12:25,769 [INFO] ThirdParty:1030 - CMSIS Pack Vendor :STMicroelectronics USB_DEVICE 3.0.0
2023-10-11 23:12:25,769 [INFO] ThirdParty:1030 - CMSIS Pack Vendor :STMicroelectronics X-CUBE-AZRTOS-WB 2.0.0
2023-10-11 23:12:25,769 [INFO] ThirdParty:1030 - CMSIS Pack Vendor :STMicroelectronics X-CUBE-FREERTOS 1.0.1
2023-10-11 23:12:25,769 [INFO] ThirdParty:1030 - CMSIS Pack Vendor :STMicroelectronics X-CUBE-AZRTOS-F7 1.1.0
2023-10-11 23:12:25,769 [INFO] ThirdParty:1030 - CMSIS Pack Vendor :STMicroelectronics X-CUBE-AZRTOS-L5 2.0.0
2023-10-11 23:12:25,769 [INFO] ThirdParty:1030 - CMSIS Pack Vendor :STMicroelectronics USB_DEVICE 2.0.0
2023-10-11 23:12:25,770 [INFO] ThirdParty:1030 - CMSIS Pack Vendor :STMicroelectronics X-CUBE-MEMS1 9.6.0
2023-10-11 23:12:25,770 [INFO] ThirdParty:1030 - CMSIS Pack Vendor :ITTIA_DB I-CUBE-ITTIADB 8.8.0
2023-10-11 23:12:25,770 [INFO] ThirdParty:1030 - CMSIS Pack Vendor :STMicroelectronics FP-SNS-MOTENV1 4.3.2
2023-10-11 23:12:25,770 [INFO] ThirdParty:1030 - CMSIS Pack Vendor :STMicroelectronics X-CUBE-ALGOBUILD 1.3.0
2023-10-11 23:12:25,770 [INFO] ThirdParty:1030 - CMSIS Pack Vendor :STMicroelectronics X-CUBE-BLE1 6.2.4
2023-10-11 23:12:25,770 [INFO] ThirdParty:1030 - CMSIS Pack Vendor :STMicroelectronics X-CUBE-AZRTOS-L5 1.1.0
2023-10-11 23:12:25,770 [INFO] ThirdParty:1030 - CMSIS Pack Vendor :STMicroelectronics FreeRTOS 0.0.1
2023-10-11 23:12:25,770 [INFO] ThirdParty:1030 - CMSIS Pack Vendor :STMicroelectronics X-CUBE-AZRTOS-G0 1.1.0
2023-10-11 23:12:25,770 [INFO] ThirdParty:1030 - CMSIS Pack Vendor :STMicroelectronics X-CUBE-BLEMGR 2.0.0
2023-10-11 23:12:25,770 [INFO] ThirdParty:1030 - CMSIS Pack Vendor :STMicroelectronics X-CUBE-NFC4 3.0.0
2023-10-11 23:12:25,770 [INFO] ThirdParty:1030 - CMSIS Pack Vendor :STMicroelectronics X-CUBE-SUBG2 5.0.0
2023-10-11 23:12:25,770 [INFO] ThirdParty:1030 - CMSIS Pack Vendor :STMicroelectronics STM32_WPAN 1.0.0
2023-10-11 23:12:25,770 [INFO] ThirdParty:1030 - CMSIS Pack Vendor :STMicroelectronics lwIP 2.0.3
2023-10-11 23:12:25,770 [INFO] ThirdParty:1030 - CMSIS Pack Vendor :STMicroelectronics FP-SNS-FLIGHT1 5.0.2
2023-10-11 23:12:25,770 [INFO] ThirdParty:1030 - CMSIS Pack Vendor :STMicroelectronics USB_HOST 1.0.0
2023-10-11 23:12:25,770 [INFO] ThirdParty:1030 - CMSIS Pack Vendor :STMicroelectronics X-CUBE-TOF1 3.3.1
2023-10-11 23:12:25,770 [INFO] ThirdParty:1030 - CMSIS Pack Vendor :STMicroelectronics X-CUBE-AZRTOS-G4 2.0.0
2023-10-11 23:12:25,770 [INFO] ThirdParty:1030 - CMSIS Pack Vendor :STMicroelectronics PDM2PCM 3.1.0
2023-10-11 23:12:25,770 [INFO] ThirdParty:1030 - CMSIS Pack Vendor :STMicroelectronics X-CUBE-AZRTOS-H7 3.1.0
2023-10-11 23:12:25,770 [INFO] ThirdParty:1030 - CMSIS Pack Vendor :Infineon AIROC-Wi-Fi-Bluetooth-STM32 1.5.1
2023-10-11 23:12:25,770 [INFO] ThirdParty:1030 - CMSIS Pack Vendor :STMicroelectronics PDM2PCM 3.3.0
2023-10-11 23:12:25,770 [INFO] ThirdParty:1030 - CMSIS Pack Vendor :STMicroelectronics X-CUBE-DISPLAY 3.0.0
2023-10-11 23:12:25,770 [INFO] ThirdParty:1030 - CMSIS Pack Vendor :STMicroelectronics X-CUBE-BLE1 7.0.0
2023-10-11 23:12:25,770 [INFO] ThirdParty:1030 - CMSIS Pack Vendor :STMicroelectronics FP-ATR-SIGFOX1 3.2.0
2023-10-11 23:12:25,770 [INFO] ThirdParty:1030 - CMSIS Pack Vendor :STMicroelectronics HAL Drivers 0.0.0
2023-10-11 23:12:25,770 [INFO] ThirdParty:1030 - CMSIS Pack Vendor :STMicroelectronics MBEDTLS 2.16.2
2023-10-11 23:12:25,770 [INFO] ThirdParty:1030 - CMSIS Pack Vendor :emotas I-CUBE-CANOPEN 1.3.0
2023-10-11 23:12:25,771 [INFO] ThirdParty:1030 - CMSIS Pack Vendor :STMicroelectronics X-CUBE-FREERTOS 1.1.0
2023-10-11 23:12:25,771 [INFO] ThirdParty:1030 - CMSIS Pack Vendor :STMicroelectronics X-CUBE-TOUCHGFX 4.22.0
2023-10-11 23:12:25,771 [INFO] ThirdParty:1030 - CMSIS Pack Vendor :STMicroelectronics X-CUBE-NFC7 1.0.1
2023-10-11 23:12:25,771 [INFO] ThirdParty:1030 - CMSIS Pack Vendor :STMicroelectronics MBEDTLS 2.14.1
2023-10-11 23:12:25,771 [INFO] ThirdParty:1030 - CMSIS Pack Vendor :STMicroelectronics X-CUBE-TOUCHGFX 4.22.1
2023-10-11 23:12:25,771 [INFO] ThirdParty:1030 - CMSIS Pack Vendor :STMicroelectronics X-CUBE-NFC6 3.0.0
2023-10-11 23:12:25,771 [INFO] ThirdParty:1030 - CMSIS Pack Vendor :STMicroelectronics X-CUBE-EEPRMA1 4.1.0
2023-10-11 23:12:25,771 [INFO] ThirdParty:1030 - CMSIS Pack Vendor :portGmbH I-Cube-SoM-uGOAL 1.1.0
2023-10-11 23:12:25,771 [INFO] ThirdParty:1030 - CMSIS Pack Vendor :STMicroelectronics X-CUBE-ALS 1.0.1
2023-10-11 23:12:25,771 [INFO] ThirdParty:1030 - CMSIS Pack Vendor :STMicroelectronics ThreadX 1.0.0
2023-10-11 23:12:25,771 [INFO] ThirdParty:1030 - CMSIS Pack Vendor :STMicroelectronics FP-SNS-SMARTAG2 1.2.0
2023-10-11 23:12:25,771 [INFO] ThirdParty:1030 - CMSIS Pack Vendor :STMicroelectronics X-CUBE-AZRTOS-WB 1.1.0
2023-10-11 23:12:25,771 [INFO] ThirdParty:1030 - CMSIS Pack Vendor :STMicroelectronics X-CUBE-AZRTOS-WL 2.0.0
2023-10-11 23:12:25,771 [INFO] ThirdParty:1030 - CMSIS Pack Vendor :SEGGER I-CUBE-embOS 1.3.1
2023-10-11 23:12:25,771 [INFO] ThirdParty:1030 - CMSIS Pack Vendor :STMicroelectronics USB_DEVICE 1.0.0
2023-10-11 23:12:25,771 [INFO] ThirdParty:1030 - CMSIS Pack Vendor :STMicroelectronics X-CUBE-AI 8.1.0
2023-10-11 23:12:25,771 [INFO] ThirdParty:1030 - CMSIS Pack Vendor :STMicroelectronics X-CUBE-AZRTOS-L4 2.0.0
2023-10-11 23:12:25,771 [INFO] ThirdParty:1030 - CMSIS Pack Vendor :STMicroelectronics ThreadX 0.0.2
2023-10-11 23:12:25,771 [INFO] ThirdParty:1030 - CMSIS Pack Vendor :WES I-CUBE-Cesium 1.3.0
2023-10-11 23:12:25,771 [INFO] ThirdParty:1030 - CMSIS Pack Vendor :STMicroelectronics FP-ATR-ASTRA1 2.0.0
2023-10-11 23:12:25,771 [INFO] ThirdParty:1030 - CMSIS Pack Vendor :STMicroelectronics lwIP 2.1.2
2023-10-11 23:12:25,771 [INFO] ThirdParty:1030 - CMSIS Pack Vendor :STMicroelectronics X-CUBE-SFXS2LP1 4.0.0
2023-10-11 23:12:25,771 [INFO] ThirdParty:1030 - CMSIS Pack Vendor :STMicroelectronics X-CUBE-BLE2 3.3.0
2023-10-11 23:12:25,771 [INFO] ThirdParty:1030 - CMSIS Pack Vendor :STMicroelectronics PDM2PCM 3.2.0
2023-10-11 23:12:25,772 [INFO] ThirdParty:841 - exiting critical section [change project]
2023-10-11 23:12:26,031 [INFO] PinOutPanel:1499 - setPackage(No Configuration,No Configuration)
2023-10-11 23:12:26,031 [INFO] PinOutPanel:1499 - setPackage(STM32F446RETx,LQFP64)
2023-10-11 23:12:26,438 [INFO] UtilMem:75 - Before build in PCC Used Memory: 539407776 Bytes (1073741824)
2023-10-11 23:12:27,059 [INFO] UtilMem:75 - After build in PCC Used Memory: 636988312 Bytes (1073741824)
2023-10-11 23:12:27,081 [INFO] IPUIPlugin:80 - create IPUIPlugin
2023-10-11 23:12:27,082 [INFO] IPUIPlugin:80 - create IPUIPlugin
2023-10-11 23:12:27,082 [INFO] IPUIPlugin:80 - create IPUIPlugin
2023-10-11 23:12:27,082 [INFO] IPUIPlugin:80 - create IPUIPlugin
2023-10-11 23:12:27,082 [INFO] IPUIPlugin:80 - create IPUIPlugin
2023-10-11 23:12:27,082 [INFO] IPUIPlugin:80 - create IPUIPlugin
2023-10-11 23:12:27,082 [INFO] IPUIPlugin:80 - create IPUIPlugin
2023-10-11 23:12:27,082 [INFO] IPUIPlugin:80 - create IPUIPlugin
2023-10-11 23:12:27,082 [INFO] IPUIPlugin:80 - create IPUIPlugin
2023-10-11 23:12:27,082 [INFO] IPUIPlugin:80 - create IPUIPlugin
2023-10-11 23:12:27,082 [INFO] IPUIPlugin:80 - create IPUIPlugin
2023-10-11 23:12:27,082 [INFO] IPUIPlugin:80 - create IPUIPlugin
2023-10-11 23:12:27,082 [INFO] IPUIPlugin:80 - create IPUIPlugin
2023-10-11 23:12:27,083 [INFO] IPUIPlugin:80 - create IPUIPlugin
2023-10-11 23:12:27,083 [INFO] IPUIPlugin:80 - create IPUIPlugin
2023-10-11 23:12:27,083 [INFO] IPUIPlugin:80 - create IPUIPlugin
2023-10-11 23:12:27,083 [INFO] IPUIPlugin:80 - create IPUIPlugin
2023-10-11 23:12:27,083 [INFO] IPUIPlugin:80 - create IPUIPlugin
2023-10-11 23:12:27,083 [INFO] IPUIPlugin:80 - create IPUIPlugin
2023-10-11 23:12:27,083 [INFO] IPUIPlugin:80 - create IPUIPlugin
2023-10-11 23:12:27,083 [INFO] IPUIPlugin:80 - create IPUIPlugin
2023-10-11 23:12:27,083 [INFO] IPUIPlugin:80 - create IPUIPlugin
2023-10-11 23:12:27,084 [INFO] IPUIPlugin:80 - create IPUIPlugin
2023-10-11 23:12:27,084 [INFO] IPUIPlugin:80 - create IPUIPlugin
2023-10-11 23:12:27,084 [INFO] IPUIPlugin:80 - create IPUIPlugin
2023-10-11 23:12:27,084 [INFO] IPUIPlugin:80 - create IPUIPlugin
2023-10-11 23:12:27,084 [INFO] IPUIPlugin:80 - create IPUIPlugin
2023-10-11 23:12:27,084 [INFO] IPUIPlugin:80 - create IPUIPlugin
2023-10-11 23:12:27,084 [INFO] IPUIPlugin:80 - create IPUIPlugin
2023-10-11 23:12:27,085 [INFO] IPUIPlugin:80 - create IPUIPlugin
2023-10-11 23:12:27,085 [INFO] IPUIPlugin:80 - create IPUIPlugin
2023-10-11 23:12:27,085 [INFO] IPUIPlugin:80 - create IPUIPlugin
2023-10-11 23:12:27,085 [INFO] IPUIPlugin:80 - create IPUIPlugin
2023-10-11 23:12:27,085 [INFO] IPUIPlugin:80 - create IPUIPlugin
2023-10-11 23:12:27,085 [INFO] IPUIPlugin:80 - create IPUIPlugin
2023-10-11 23:12:27,085 [INFO] IPUIPlugin:80 - create IPUIPlugin
2023-10-11 23:12:27,086 [INFO] IPUIPlugin:80 - create IPUIPlugin
2023-10-11 23:12:27,086 [INFO] IPUIPlugin:80 - create IPUIPlugin
2023-10-11 23:12:27,086 [INFO] IPUIPlugin:80 - create IPUIPlugin
2023-10-11 23:12:27,086 [INFO] IPUIPlugin:80 - create IPUIPlugin
2023-10-11 23:12:27,086 [INFO] IPUIPlugin:80 - create IPUIPlugin
2023-10-11 23:12:27,086 [INFO] IPUIPlugin:80 - create IPUIPlugin
2023-10-11 23:12:27,086 [INFO] IPUIPlugin:80 - create IPUIPlugin
2023-10-11 23:12:27,087 [INFO] IPUIPlugin:80 - create IPUIPlugin
2023-10-11 23:12:27,087 [INFO] IPUIPlugin:80 - create IPUIPlugin
2023-10-11 23:12:27,087 [INFO] IPUIPlugin:80 - create IPUIPlugin
2023-10-11 23:12:27,088 [INFO] IPUIPlugin:80 - create IPUIPlugin
2023-10-11 23:12:27,088 [INFO] IPUIPlugin:80 - create IPUIPlugin
2023-10-11 23:12:27,088 [INFO] IPUIPlugin:80 - create IPUIPlugin
2023-10-11 23:12:27,089 [INFO] IPUIPlugin:80 - create IPUIPlugin
2023-10-11 23:12:27,089 [INFO] IPUIPlugin:80 - create IPUIPlugin
2023-10-11 23:12:27,089 [INFO] IPUIPlugin:80 - create IPUIPlugin
2023-10-11 23:12:27,090 [INFO] IPUIPlugin:80 - create IPUIPlugin
2023-10-11 23:12:27,090 [INFO] IPUIPlugin:80 - create IPUIPlugin
2023-10-11 23:12:27,090 [INFO] IPUIPlugin:80 - create IPUIPlugin
2023-10-11 23:12:27,090 [INFO] IPUIPlugin:80 - create IPUIPlugin
2023-10-11 23:12:27,091 [INFO] IPUIPlugin:80 - create IPUIPlugin
2023-10-11 23:12:27,091 [INFO] IPUIPlugin:80 - create IPUIPlugin
2023-10-11 23:12:27,092 [INFO] IPUIPlugin:80 - create IPUIPlugin
2023-10-11 23:12:27,092 [INFO] IPUIPlugin:80 - create IPUIPlugin
2023-10-11 23:12:27,161 [INFO] ApiDbMcu:507 - Load IP Config File for PDM2PCM
2023-10-11 23:12:27,317 [INFO] CADModel:165 - CPN selected for project levelSTM32F446RET6
2023-10-11 23:12:27,318 [INFO] CADModel:114 - Register for checkConnection events
2023-10-11 23:12:27,364 [INFO] OpenFileManager:328 - Restore cursor
2023-10-11 23:18:05,631 [INFO] MainUpdater:2868 - connection check result : 10
2023-10-11 23:18:05,631 [INFO] MainUpdater:2868 - connection check result : 10
2023-10-11 23:18:06,519 [INFO] MicroXplorer:468 - Change Database Path : 
2023-10-11 23:18:06,519 [INFO] MicroXplorer:498 - Change Database Version : DB.6.0.91
2023-10-11 23:18:06,530 [WARN] ThirdParty:871 - waiting for thirdparty lock release [close project]
2023-10-11 23:18:06,530 [INFO] ThirdParty:873 - entering critical section [close project]
2023-10-11 23:18:06,531 [INFO] ThirdParty:883 - exiting critical section [close project]
2023-10-11 23:18:06,531 [INFO] PinOutPanel:1499 - setPackage(No Configuration,No Configuration)
2023-10-11 23:18:06,541 [WARN] IpParametersView:151 - Warning: This peripheral hasn't parameters
2023-10-11 23:18:06,549 [WARN] MainPanel:272 - <html><b><center>Warning: This peripheral has no parameters to be configured<br></b></html>
2023-10-11 23:18:06,554 [INFO] UtilMem:75 - Begin LoadConfig() Used Memory: 639315400 Bytes (1073741824)
2023-10-11 23:18:06,554 [INFO] MicroXplorer:468 - Change Database Path : 
2023-10-11 23:18:06,554 [INFO] MicroXplorer:498 - Change Database Version : DB.6.0.91
2023-10-11 23:18:06,554 [INFO] OpenFileManager:308 - Change cursor
2023-10-11 23:18:06,558 [INFO] Mcu:1946 - Initializing MCU STM32F446R(C-E)Tx STM32F446RETx STM32F446RET6
2023-10-11 23:18:07,189 [INFO] Context:659 - Trying to add GPIOservice into a context  which must be forbidden
2023-10-11 23:18:07,476 [INFO] RtosManager:555 - Registered RTOS mode: class=CMSIS, group=RTOS, mode=CMSIS_V1, owner=FREERTOS
2023-10-11 23:18:07,476 [INFO] RtosManager:555 - Registered RTOS mode: class=CMSIS, group=RTOS2, mode=CMSIS_V2, owner=FREERTOS
2023-10-11 23:18:07,476 [INFO] RtosManager:555 - Registered RTOS mode: class=RTOS, group=Core, mode=CMSIS_V1, owner=FREERTOS
2023-10-11 23:18:07,476 [INFO] RtosManager:555 - Registered RTOS mode: class=RTOS, group=Core, mode=CMSIS_V2, owner=FREERTOS
2023-10-11 23:18:07,476 [WARN] ModelIntegratedComponent:184 - Missing modes for component STMicroelectronics:FreeRTOS:0.0.1:STMicroelectronics:RTOS:FreeRTOS:Core:::10.2.0:
2023-10-11 23:18:07,482 [WARN] ModelIntegratedComponent:63 - No mode defined for component null
2023-10-11 23:18:07,482 [WARN] ModelIntegratedComponent:63 - No mode defined for component null
2023-10-11 23:18:07,482 [WARN] ModelIntegratedComponent:63 - No mode defined for component null
2023-10-11 23:18:07,482 [WARN] ModelIntegratedComponent:63 - No mode defined for component null
2023-10-11 23:18:07,482 [WARN] ModelIntegratedComponent:63 - No mode defined for component null
2023-10-11 23:18:07,482 [WARN] ModelIntegratedComponent:63 - No mode defined for component null
2023-10-11 23:18:07,482 [WARN] ModelIntegratedComponent:63 - No mode defined for component null
2023-10-11 23:18:07,482 [WARN] ModelIntegratedComponent:63 - No mode defined for component null
2023-10-11 23:18:07,482 [WARN] ModelIntegratedComponent:63 - No mode defined for component null
2023-10-11 23:18:07,482 [WARN] ModelIntegratedComponent:63 - No mode defined for component null
2023-10-11 23:18:07,482 [WARN] ModelIntegratedComponent:63 - No mode defined for component null
2023-10-11 23:18:07,482 [WARN] ModelIntegratedComponent:63 - No mode defined for component null
2023-10-11 23:18:07,482 [WARN] ModelIntegratedComponent:63 - No mode defined for component null
2023-10-11 23:18:07,482 [WARN] ModelIntegratedComponent:63 - No mode defined for component null
2023-10-11 23:18:07,482 [WARN] ModelIntegratedComponent:63 - No mode defined for component null
2023-10-11 23:18:07,483 [WARN] ModelIntegratedComponent:63 - No mode defined for component null
2023-10-11 23:18:07,483 [WARN] ModelIntegratedComponent:63 - No mode defined for component null
2023-10-11 23:18:07,483 [WARN] ModelIntegratedComponent:63 - No mode defined for component null
2023-10-11 23:18:07,483 [WARN] ModelIntegratedComponent:63 - No mode defined for component null
2023-10-11 23:18:07,483 [WARN] ModelIntegratedComponent:63 - No mode defined for component null
2023-10-11 23:18:07,483 [WARN] ModelIntegratedComponent:63 - No mode defined for component null
2023-10-11 23:18:07,483 [WARN] ModelIntegratedComponent:63 - No mode defined for component null
2023-10-11 23:18:07,483 [WARN] ModelIntegratedComponent:63 - No mode defined for component null
2023-10-11 23:18:07,483 [WARN] ModelIntegratedComponent:63 - No mode defined for component null
2023-10-11 23:18:07,483 [WARN] ModelIntegratedComponent:63 - No mode defined for component null
2023-10-11 23:18:07,483 [WARN] ModelIntegratedComponent:63 - No mode defined for component null
2023-10-11 23:18:07,483 [WARN] ModelIntegratedComponent:63 - No mode defined for component null
2023-10-11 23:18:07,483 [WARN] ModelIntegratedComponent:63 - No mode defined for component null
2023-10-11 23:18:07,483 [WARN] ModelIntegratedComponent:63 - No mode defined for component null
2023-10-11 23:18:07,483 [WARN] ModelIntegratedComponent:63 - No mode defined for component null
2023-10-11 23:18:07,483 [WARN] ModelIntegratedComponent:63 - No mode defined for component null
2023-10-11 23:18:07,483 [WARN] ModelIntegratedComponent:63 - No mode defined for component null
2023-10-11 23:18:07,483 [WARN] ModelIntegratedComponent:63 - No mode defined for component null
2023-10-11 23:18:07,490 [INFO] ThirdPartyModel:298 - Start build external matchings
2023-10-11 23:18:07,782 [INFO] ThirdPartyModel:316 - End build external matchings
2023-10-11 23:18:07,788 [INFO] ImportTextPane:194 - (OptionalMessage_ERROR) IP (RCC) : Invalid parameter (48MHZClocksFreq_Value)
2023-10-11 23:18:07,788 [INFO] ImportTextPane:194 - (OptionalMessage_ERROR) IP (RCC) : Invalid parameter (EthernetFreq_Value)
2023-10-11 23:18:07,789 [INFO] ImportTextPane:194 - (OptionalMessage_ERROR) IP (RCC) : Parameter (FLatency) has Id (AdvancedSettings) currently not set
2023-10-11 23:18:07,789 [INFO] ImportTextPane:194 - (OptionalMessage_ERROR) IP (RCC) : Invalid parameter (FamilyName)
2023-10-11 23:18:07,789 [INFO] ImportTextPane:194 - (OptionalMessage_ERROR) IP (RCC) : Invalid parameter (I2SClocksFreq_Value)
2023-10-11 23:18:07,789 [INFO] ImportTextPane:194 - (OptionalMessage_ERROR) IP (RCC) : Parameter (SDIOFreq_Value) has invalid value (168000000)
2023-10-11 23:18:07,789 [INFO] ImportTextPane:194 - (OptionalMessage_ERROR) IP (RCC) : Parameter (USBFreq_Value) has invalid value (168000000)
2023-10-11 23:18:07,790 [INFO] ImportTextPane:194 - (OptionalMessage_ERROR) IP (RCC) : Invalid parameter (VCOInputMFreq_Value)
2023-10-11 23:18:07,790 [INFO] ImportTextPane:194 - (OptionalMessage_ERROR) IP (RCC) : Invalid parameter (VcooutputI2S)
2023-10-11 23:18:07,931 [INFO] UtilMem:75 - End LoadConfig() Used Memory: 811497472 Bytes (1073741824)
2023-10-11 23:18:07,945 [WARN] ThirdParty:833 - waiting for thirdparty lock release [change project]
2023-10-11 23:18:07,945 [INFO] ThirdParty:835 - entering critical section [change project]
2023-10-11 23:18:07,945 [INFO] ThirdParty:1030 - CMSIS Pack Vendor :STMicroelectronics X-CUBE-ISPU 1.1.0
2023-10-11 23:18:07,945 [INFO] ThirdParty:1030 - CMSIS Pack Vendor :STMicroelectronics USBPD 4.1
2023-10-11 23:18:07,945 [INFO] ThirdParty:1030 - CMSIS Pack Vendor :STMicroelectronics X-CUBE-GNSS1 6.0.0
2023-10-11 23:18:07,945 [INFO] ThirdParty:1030 - CMSIS Pack Vendor :STMicroelectronics USB_HOST 2.0.0
2023-10-11 23:18:07,945 [INFO] ThirdParty:1030 - CMSIS Pack Vendor :STMicroelectronics X-CUBE-AZRTOS-F4 1.1.0
2023-10-11 23:18:07,945 [INFO] ThirdParty:1030 - CMSIS Pack Vendor :STMicroelectronics LIBJPEG 8.0.0
2023-10-11 23:18:07,945 [INFO] ThirdParty:1030 - CMSIS Pack Vendor :wolfSSL I-CUBE-wolfSSL 5.6.3
2023-10-11 23:18:07,945 [INFO] ThirdParty:1030 - CMSIS Pack Vendor :STMicroelectronics X-CUBE-SMBUS 2.1.0
2023-10-11 23:18:07,945 [INFO] ThirdParty:1030 - CMSIS Pack Vendor :STMicroelectronics USB_DEVICE 3.0.0
2023-10-11 23:18:07,945 [INFO] ThirdParty:1030 - CMSIS Pack Vendor :STMicroelectronics X-CUBE-AZRTOS-WB 2.0.0
2023-10-11 23:18:07,945 [INFO] ThirdParty:1030 - CMSIS Pack Vendor :STMicroelectronics X-CUBE-FREERTOS 1.0.1
2023-10-11 23:18:07,945 [INFO] ThirdParty:1030 - CMSIS Pack Vendor :STMicroelectronics X-CUBE-AZRTOS-F7 1.1.0
2023-10-11 23:18:07,945 [INFO] ThirdParty:1030 - CMSIS Pack Vendor :STMicroelectronics X-CUBE-AZRTOS-L5 2.0.0
2023-10-11 23:18:07,945 [INFO] ThirdParty:1030 - CMSIS Pack Vendor :STMicroelectronics USB_DEVICE 2.0.0
2023-10-11 23:18:07,945 [INFO] ThirdParty:1030 - CMSIS Pack Vendor :STMicroelectronics X-CUBE-MEMS1 9.6.0
2023-10-11 23:18:07,945 [INFO] ThirdParty:1030 - CMSIS Pack Vendor :ITTIA_DB I-CUBE-ITTIADB 8.8.0
2023-10-11 23:18:07,945 [INFO] ThirdParty:1030 - CMSIS Pack Vendor :STMicroelectronics FP-SNS-MOTENV1 4.3.2
2023-10-11 23:18:07,945 [INFO] ThirdParty:1030 - CMSIS Pack Vendor :STMicroelectronics X-CUBE-ALGOBUILD 1.3.0
2023-10-11 23:18:07,945 [INFO] ThirdParty:1030 - CMSIS Pack Vendor :STMicroelectronics X-CUBE-BLE1 6.2.4
2023-10-11 23:18:07,945 [INFO] ThirdParty:1030 - CMSIS Pack Vendor :STMicroelectronics X-CUBE-AZRTOS-L5 1.1.0
2023-10-11 23:18:07,945 [INFO] ThirdParty:1030 - CMSIS Pack Vendor :STMicroelectronics FreeRTOS 0.0.1
2023-10-11 23:18:07,945 [INFO] ThirdParty:1030 - CMSIS Pack Vendor :STMicroelectronics X-CUBE-AZRTOS-G0 1.1.0
2023-10-11 23:18:07,945 [INFO] ThirdParty:1030 - CMSIS Pack Vendor :STMicroelectronics X-CUBE-BLEMGR 2.0.0
2023-10-11 23:18:07,945 [INFO] ThirdParty:1030 - CMSIS Pack Vendor :STMicroelectronics X-CUBE-NFC4 3.0.0
2023-10-11 23:18:07,945 [INFO] ThirdParty:1030 - CMSIS Pack Vendor :STMicroelectronics X-CUBE-SUBG2 5.0.0
2023-10-11 23:18:07,945 [INFO] ThirdParty:1030 - CMSIS Pack Vendor :STMicroelectronics STM32_WPAN 1.0.0
2023-10-11 23:18:07,946 [INFO] ThirdParty:1030 - CMSIS Pack Vendor :STMicroelectronics lwIP 2.0.3
2023-10-11 23:18:07,946 [INFO] ThirdParty:1030 - CMSIS Pack Vendor :STMicroelectronics FP-SNS-FLIGHT1 5.0.2
2023-10-11 23:18:07,946 [INFO] ThirdParty:1030 - CMSIS Pack Vendor :STMicroelectronics USB_HOST 1.0.0
2023-10-11 23:18:07,946 [INFO] ThirdParty:1030 - CMSIS Pack Vendor :STMicroelectronics X-CUBE-TOF1 3.3.1
2023-10-11 23:18:07,946 [INFO] ThirdParty:1030 - CMSIS Pack Vendor :STMicroelectronics X-CUBE-AZRTOS-G4 2.0.0
2023-10-11 23:18:07,946 [INFO] ThirdParty:1030 - CMSIS Pack Vendor :STMicroelectronics PDM2PCM 3.1.0
2023-10-11 23:18:07,946 [INFO] ThirdParty:1030 - CMSIS Pack Vendor :STMicroelectronics X-CUBE-AZRTOS-H7 3.1.0
2023-10-11 23:18:07,946 [INFO] ThirdParty:1030 - CMSIS Pack Vendor :Infineon AIROC-Wi-Fi-Bluetooth-STM32 1.5.1
2023-10-11 23:18:07,946 [INFO] ThirdParty:1030 - CMSIS Pack Vendor :STMicroelectronics PDM2PCM 3.3.0
2023-10-11 23:18:07,946 [INFO] ThirdParty:1030 - CMSIS Pack Vendor :STMicroelectronics X-CUBE-DISPLAY 3.0.0
2023-10-11 23:18:07,946 [INFO] ThirdParty:1030 - CMSIS Pack Vendor :STMicroelectronics X-CUBE-BLE1 7.0.0
2023-10-11 23:18:07,946 [INFO] ThirdParty:1030 - CMSIS Pack Vendor :STMicroelectronics FP-ATR-SIGFOX1 3.2.0
2023-10-11 23:18:07,946 [INFO] ThirdParty:1030 - CMSIS Pack Vendor :STMicroelectronics HAL Drivers 0.0.0
2023-10-11 23:18:07,946 [INFO] ThirdParty:1030 - CMSIS Pack Vendor :STMicroelectronics MBEDTLS 2.16.2
2023-10-11 23:18:07,946 [INFO] ThirdParty:1030 - CMSIS Pack Vendor :emotas I-CUBE-CANOPEN 1.3.0
2023-10-11 23:18:07,946 [INFO] ThirdParty:1030 - CMSIS Pack Vendor :STMicroelectronics X-CUBE-FREERTOS 1.1.0
2023-10-11 23:18:07,946 [INFO] ThirdParty:1030 - CMSIS Pack Vendor :STMicroelectronics X-CUBE-TOUCHGFX 4.22.0
2023-10-11 23:18:07,946 [INFO] ThirdParty:1030 - CMSIS Pack Vendor :STMicroelectronics X-CUBE-NFC7 1.0.1
2023-10-11 23:18:07,946 [INFO] ThirdParty:1030 - CMSIS Pack Vendor :STMicroelectronics MBEDTLS 2.14.1
2023-10-11 23:18:07,946 [INFO] ThirdParty:1030 - CMSIS Pack Vendor :STMicroelectronics X-CUBE-TOUCHGFX 4.22.1
2023-10-11 23:18:07,946 [INFO] ThirdParty:1030 - CMSIS Pack Vendor :STMicroelectronics X-CUBE-NFC6 3.0.0
2023-10-11 23:18:07,946 [INFO] ThirdParty:1030 - CMSIS Pack Vendor :STMicroelectronics X-CUBE-EEPRMA1 4.1.0
2023-10-11 23:18:07,946 [INFO] ThirdParty:1030 - CMSIS Pack Vendor :portGmbH I-Cube-SoM-uGOAL 1.1.0
2023-10-11 23:18:07,946 [INFO] ThirdParty:1030 - CMSIS Pack Vendor :STMicroelectronics X-CUBE-ALS 1.0.1
2023-10-11 23:18:07,946 [INFO] ThirdParty:1030 - CMSIS Pack Vendor :STMicroelectronics ThreadX 1.0.0
2023-10-11 23:18:07,946 [INFO] ThirdParty:1030 - CMSIS Pack Vendor :STMicroelectronics FP-SNS-SMARTAG2 1.2.0
2023-10-11 23:18:07,946 [INFO] ThirdParty:1030 - CMSIS Pack Vendor :STMicroelectronics X-CUBE-AZRTOS-WB 1.1.0
2023-10-11 23:18:07,946 [INFO] ThirdParty:1030 - CMSIS Pack Vendor :STMicroelectronics X-CUBE-AZRTOS-WL 2.0.0
2023-10-11 23:18:07,946 [INFO] ThirdParty:1030 - CMSIS Pack Vendor :SEGGER I-CUBE-embOS 1.3.1
2023-10-11 23:18:07,946 [INFO] ThirdParty:1030 - CMSIS Pack Vendor :STMicroelectronics USB_DEVICE 1.0.0
2023-10-11 23:18:07,946 [INFO] ThirdParty:1030 - CMSIS Pack Vendor :STMicroelectronics X-CUBE-AI 8.1.0
2023-10-11 23:18:07,946 [INFO] ThirdParty:1030 - CMSIS Pack Vendor :STMicroelectronics X-CUBE-AZRTOS-L4 2.0.0
2023-10-11 23:18:07,946 [INFO] ThirdParty:1030 - CMSIS Pack Vendor :STMicroelectronics ThreadX 0.0.2
2023-10-11 23:18:07,946 [INFO] ThirdParty:1030 - CMSIS Pack Vendor :WES I-CUBE-Cesium 1.3.0
2023-10-11 23:18:07,946 [INFO] ThirdParty:1030 - CMSIS Pack Vendor :STMicroelectronics FP-ATR-ASTRA1 2.0.0
2023-10-11 23:18:07,946 [INFO] ThirdParty:1030 - CMSIS Pack Vendor :STMicroelectronics lwIP 2.1.2
2023-10-11 23:18:07,946 [INFO] ThirdParty:1030 - CMSIS Pack Vendor :STMicroelectronics X-CUBE-SFXS2LP1 4.0.0
2023-10-11 23:18:07,946 [INFO] ThirdParty:1030 - CMSIS Pack Vendor :STMicroelectronics X-CUBE-BLE2 3.3.0
2023-10-11 23:18:07,946 [INFO] ThirdParty:1030 - CMSIS Pack Vendor :STMicroelectronics PDM2PCM 3.2.0
2023-10-11 23:18:07,946 [INFO] ThirdParty:841 - exiting critical section [change project]
2023-10-11 23:18:08,058 [INFO] PinOutPanel:1499 - setPackage(No Configuration,No Configuration)
2023-10-11 23:18:08,058 [INFO] PinOutPanel:1499 - setPackage(STM32F446RETx,LQFP64)
2023-10-11 23:18:08,237 [INFO] UtilMem:75 - Before build in PCC Used Memory: 611265928 Bytes (1073741824)
2023-10-11 23:18:08,416 [INFO] UtilMem:75 - After build in PCC Used Memory: 660549000 Bytes (1073741824)
2023-10-11 23:18:08,434 [INFO] IPUIPlugin:80 - create IPUIPlugin
2023-10-11 23:18:08,435 [INFO] IPUIPlugin:80 - create IPUIPlugin
2023-10-11 23:18:08,435 [INFO] IPUIPlugin:80 - create IPUIPlugin
2023-10-11 23:18:08,435 [INFO] IPUIPlugin:80 - create IPUIPlugin
2023-10-11 23:18:08,435 [INFO] IPUIPlugin:80 - create IPUIPlugin
2023-10-11 23:18:08,435 [INFO] IPUIPlugin:80 - create IPUIPlugin
2023-10-11 23:18:08,435 [INFO] IPUIPlugin:80 - create IPUIPlugin
2023-10-11 23:18:08,435 [INFO] IPUIPlugin:80 - create IPUIPlugin
2023-10-11 23:18:08,435 [INFO] IPUIPlugin:80 - create IPUIPlugin
2023-10-11 23:18:08,435 [INFO] IPUIPlugin:80 - create IPUIPlugin
2023-10-11 23:18:08,435 [INFO] IPUIPlugin:80 - create IPUIPlugin
2023-10-11 23:18:08,435 [INFO] IPUIPlugin:80 - create IPUIPlugin
2023-10-11 23:18:08,435 [INFO] IPUIPlugin:80 - create IPUIPlugin
2023-10-11 23:18:08,436 [INFO] IPUIPlugin:80 - create IPUIPlugin
2023-10-11 23:18:08,436 [INFO] IPUIPlugin:80 - create IPUIPlugin
2023-10-11 23:18:08,436 [INFO] IPUIPlugin:80 - create IPUIPlugin
2023-10-11 23:18:08,436 [INFO] IPUIPlugin:80 - create IPUIPlugin
2023-10-11 23:18:08,436 [INFO] IPUIPlugin:80 - create IPUIPlugin
2023-10-11 23:18:08,436 [INFO] IPUIPlugin:80 - create IPUIPlugin
2023-10-11 23:18:08,436 [INFO] IPUIPlugin:80 - create IPUIPlugin
2023-10-11 23:18:08,436 [INFO] IPUIPlugin:80 - create IPUIPlugin
2023-10-11 23:18:08,437 [INFO] IPUIPlugin:80 - create IPUIPlugin
2023-10-11 23:18:08,437 [INFO] IPUIPlugin:80 - create IPUIPlugin
2023-10-11 23:18:08,437 [INFO] IPUIPlugin:80 - create IPUIPlugin
2023-10-11 23:18:08,437 [INFO] IPUIPlugin:80 - create IPUIPlugin
2023-10-11 23:18:08,437 [INFO] IPUIPlugin:80 - create IPUIPlugin
2023-10-11 23:18:08,438 [INFO] IPUIPlugin:80 - create IPUIPlugin
2023-10-11 23:18:08,438 [INFO] IPUIPlugin:80 - create IPUIPlugin
2023-10-11 23:18:08,438 [INFO] IPUIPlugin:80 - create IPUIPlugin
2023-10-11 23:18:08,438 [INFO] IPUIPlugin:80 - create IPUIPlugin
2023-10-11 23:18:08,438 [INFO] IPUIPlugin:80 - create IPUIPlugin
2023-10-11 23:18:08,438 [INFO] IPUIPlugin:80 - create IPUIPlugin
2023-10-11 23:18:08,438 [INFO] IPUIPlugin:80 - create IPUIPlugin
2023-10-11 23:18:08,438 [INFO] IPUIPlugin:80 - create IPUIPlugin
2023-10-11 23:18:08,439 [INFO] IPUIPlugin:80 - create IPUIPlugin
2023-10-11 23:18:08,439 [INFO] IPUIPlugin:80 - create IPUIPlugin
2023-10-11 23:18:08,440 [INFO] IPUIPlugin:80 - create IPUIPlugin
2023-10-11 23:18:08,440 [INFO] IPUIPlugin:80 - create IPUIPlugin
2023-10-11 23:18:08,440 [INFO] IPUIPlugin:80 - create IPUIPlugin
2023-10-11 23:18:08,440 [INFO] IPUIPlugin:80 - create IPUIPlugin
2023-10-11 23:18:08,440 [INFO] IPUIPlugin:80 - create IPUIPlugin
2023-10-11 23:18:08,441 [INFO] IPUIPlugin:80 - create IPUIPlugin
2023-10-11 23:18:08,441 [INFO] IPUIPlugin:80 - create IPUIPlugin
2023-10-11 23:18:08,441 [INFO] IPUIPlugin:80 - create IPUIPlugin
2023-10-11 23:18:08,441 [INFO] IPUIPlugin:80 - create IPUIPlugin
2023-10-11 23:18:08,441 [INFO] IPUIPlugin:80 - create IPUIPlugin
2023-10-11 23:18:08,441 [INFO] IPUIPlugin:80 - create IPUIPlugin
2023-10-11 23:18:08,442 [INFO] IPUIPlugin:80 - create IPUIPlugin
2023-10-11 23:18:08,442 [INFO] IPUIPlugin:80 - create IPUIPlugin
2023-10-11 23:18:08,442 [INFO] IPUIPlugin:80 - create IPUIPlugin
2023-10-11 23:18:08,442 [INFO] IPUIPlugin:80 - create IPUIPlugin
2023-10-11 23:18:08,442 [INFO] IPUIPlugin:80 - create IPUIPlugin
2023-10-11 23:18:08,443 [INFO] IPUIPlugin:80 - create IPUIPlugin
2023-10-11 23:18:08,443 [INFO] IPUIPlugin:80 - create IPUIPlugin
2023-10-11 23:18:08,443 [INFO] IPUIPlugin:80 - create IPUIPlugin
2023-10-11 23:18:08,443 [INFO] IPUIPlugin:80 - create IPUIPlugin
2023-10-11 23:18:08,444 [INFO] IPUIPlugin:80 - create IPUIPlugin
2023-10-11 23:18:08,444 [INFO] IPUIPlugin:80 - create IPUIPlugin
2023-10-11 23:18:08,444 [INFO] IPUIPlugin:80 - create IPUIPlugin
2023-10-11 23:18:08,444 [INFO] IPUIPlugin:80 - create IPUIPlugin
2023-10-11 23:18:08,446 [INFO] ApiDbMcu:507 - Load IP Config File for PDM2PCM
2023-10-11 23:18:08,494 [INFO] CADModel:165 - CPN selected for project levelSTM32F446RET6
2023-10-11 23:18:08,494 [INFO] CADModel:114 - Register for checkConnection events
2023-10-11 23:18:08,538 [INFO] OpenFileManager:328 - Restore cursor
