2023-10-12 20:05:24,630 [INFO] Activator:176 - 


2023-10-12 20:05:24,634 [INFO] Activator:177 - !SESSION log4j initialized
2023-10-12 20:05:29,037 [INFO] LogOutputStream:77 - [STDOUT_REDIRECT] 
2023-10-12 20:05:30,651 [INFO] ApplicationProperties:184 - Using Application install path: C:\ST\STM32CubeIDE_1.13.1\STM32CubeIDE\plugins\com.st.stm32cube.common.mx_6.9.1.202307191849
2023-10-12 20:05:30,668 [INFO] DbMcusXml:78 - Set database path to: C:\ST\STM32CubeIDE_1.13.1\STM32CubeIDE\plugins\com.st.stm32cube.common.mx_6.9.1.202307191849\\db\/mcu/
2023-10-12 20:05:30,668 [INFO] ApiDb:274 - Set plugin database path to: C:\ST\STM32CubeIDE_1.13.1\STM32CubeIDE\plugins\com.st.stm32cube.common.mx_6.9.1.202307191849\\db\/plugins/boardmanager/
2023-10-12 20:05:30,668 [WARN] ApiDb:259 - Overriding images path with different value:  => C:\ST\STM32CubeIDE_1.13.1\STM32CubeIDE\plugins\com.st.stm32cube.common.mx_6.9.1.202307191849\\db\/plugins/mcufinder/images/
2023-10-12 20:05:30,678 [INFO] ApiDb:250 - Set database path to: C:\Users\Compumax\.stmcufinder\plugins\mcufinder//mcu/
2023-10-12 20:05:30,679 [INFO] DbMcusAds:125 - Set database path to: C:\Users\Compumax\.stmcufinder\plugins\mcufinder//mcu/
2023-10-12 20:05:30,680 [INFO] CrossReferenceDbSqlite:203 - Set database path to: C:\Users\Compumax\.stmcufinder\plugins\mcufinder//mcu/cs/
2023-10-12 20:05:30,758 [INFO] RulesReader:64 - Compatibility file has been processed (293 Rules)
2023-10-12 20:05:30,824 [INFO] DbMcusXml:78 - Set database path to: C:\ST\STM32CubeIDE_1.13.1\STM32CubeIDE\plugins\com.st.stm32cube.common.mx_6.9.1.202307191849\\db\/mcu/
2023-10-12 20:05:30,824 [INFO] ApiDb:274 - Set plugin database path to: C:\ST\STM32CubeIDE_1.13.1\STM32CubeIDE\plugins\com.st.stm32cube.common.mx_6.9.1.202307191849\\db\/plugins/boardmanager/
2023-10-12 20:05:30,825 [INFO] ApiDb:261 - Set plugin images path to: C:\ST\STM32CubeIDE_1.13.1\STM32CubeIDE\plugins\com.st.stm32cube.common.mx_6.9.1.202307191849\\db\/plugins/mcufinder/images/
2023-10-12 20:05:30,825 [WARN] DbFile:41 - Overriding database path with different value: C:\Users\Compumax\.stmcufinder\plugins\mcufinder/ => C:\Users\Compumax\.stmcufinder\plugins\mcufinder
2023-10-12 20:05:30,825 [INFO] ApiDb:250 - Set database path to: C:\Users\Compumax\.stmcufinder\plugins\mcufinder//mcu/
2023-10-12 20:05:30,825 [WARN] DbFile:41 - Overriding database path with different value: C:\Users\Compumax\.stmcufinder\plugins\mcufinder/ => C:\Users\Compumax\.stmcufinder\plugins\mcufinder
2023-10-12 20:05:30,825 [INFO] DbMcusAds:125 - Set database path to: C:\Users\Compumax\.stmcufinder\plugins\mcufinder//mcu/
2023-10-12 20:05:30,825 [WARN] DbFile:41 - Overriding database path with different value: C:\Users\Compumax\.stmcufinder\plugins\mcufinder/ => C:\Users\Compumax\.stmcufinder\plugins\mcufinder
2023-10-12 20:05:30,825 [WARN] DbFile:41 - Overriding database path with different value: C:\Users\Compumax\.stmcufinder\plugins\mcufinder/ => C:\Users\Compumax\.stmcufinder\plugins\mcufinder
2023-10-12 20:05:30,825 [INFO] CrossReferenceDbSqlite:203 - Set database path to: C:\Users\Compumax\.stmcufinder\plugins\mcufinder//mcu/cs/
2023-10-12 20:05:30,889 [INFO] MainPanel:262 - HeapMemory: 268435456
2023-10-12 20:05:30,978 [INFO] DbMcusXml:78 - Set database path to: C:\ST\STM32CubeIDE_1.13.1\STM32CubeIDE\plugins\com.st.stm32cube.common.mx_6.9.1.202307191849\\db\/mcu/
2023-10-12 20:05:30,978 [INFO] ApiDb:274 - Set plugin database path to: C:\ST\STM32CubeIDE_1.13.1\STM32CubeIDE\plugins\com.st.stm32cube.common.mx_6.9.1.202307191849\\db\/plugins/boardmanager/
2023-10-12 20:05:30,978 [INFO] ApiDb:261 - Set plugin images path to: C:\ST\STM32CubeIDE_1.13.1\STM32CubeIDE\plugins\com.st.stm32cube.common.mx_6.9.1.202307191849\\db\/plugins/mcufinder/images/
2023-10-12 20:05:30,978 [WARN] DbFile:41 - Overriding database path with different value: C:\Users\Compumax\.stmcufinder\plugins\mcufinder/ => C:\Users\Compumax\.stmcufinder\plugins\mcufinder
2023-10-12 20:05:30,978 [INFO] ApiDb:250 - Set database path to: C:\Users\Compumax\.stmcufinder\plugins\mcufinder//mcu/
2023-10-12 20:05:30,978 [WARN] DbFile:41 - Overriding database path with different value: C:\Users\Compumax\.stmcufinder\plugins\mcufinder/ => C:\Users\Compumax\.stmcufinder\plugins\mcufinder
2023-10-12 20:05:30,978 [INFO] DbMcusAds:125 - Set database path to: C:\Users\Compumax\.stmcufinder\plugins\mcufinder//mcu/
2023-10-12 20:05:30,979 [WARN] DbFile:41 - Overriding database path with different value: C:\Users\Compumax\.stmcufinder\plugins\mcufinder/ => C:\Users\Compumax\.stmcufinder\plugins\mcufinder
2023-10-12 20:05:30,979 [WARN] DbFile:41 - Overriding database path with different value: C:\Users\Compumax\.stmcufinder\plugins\mcufinder/ => C:\Users\Compumax\.stmcufinder\plugins\mcufinder
2023-10-12 20:05:30,979 [INFO] CrossReferenceDbSqlite:203 - Set database path to: C:\Users\Compumax\.stmcufinder\plugins\mcufinder//mcu/cs/
2023-10-12 20:05:30,993 [INFO] ApplicationProperties:184 - Using Application install path: C:\ST\STM32CubeIDE_1.13.1\STM32CubeIDE\plugins\com.st.stm32cube.common.mx_6.9.1.202307191849
2023-10-12 20:05:30,994 [INFO] PluginManage:196 - Search for loadable plugins [exclusion list=, ]
2023-10-12 20:05:30,995 [INFO] PluginManage:310 - Check plugin analytics
2023-10-12 20:05:31,110 [INFO] AnalyticsPlugin:253 - Accepted Software Licenses: 
2023-10-12 20:05:31,110 [INFO] AnalyticsPlugin:255 - Accepted CMSIS Pack Licenses: 
2023-10-12 20:05:31,111 [INFO] AnalyticsPlugin:257 - Accepted Firmware Licenses: FW.F4.1.27.0
2023-10-12 20:05:31,112 [INFO] PluginManage:359 - Loaded plugin analytics (category:tool,tabindex:-1)
2023-10-12 20:05:31,113 [INFO] PluginManage:310 - Check plugin cadmodel
2023-10-12 20:05:31,126 [INFO] CADModel:105 - Init CAD model plugin
2023-10-12 20:05:31,126 [INFO] PluginManage:359 - Loaded plugin cadmodel (category:power,tabindex:5)
2023-10-12 20:05:31,127 [INFO] PluginManage:310 - Check plugin clock
2023-10-12 20:05:31,142 [INFO] PluginManage:359 - Loaded plugin clock (category:base,tabindex:2)
2023-10-12 20:05:31,143 [INFO] PluginManage:310 - Check plugin ddr
2023-10-12 20:05:31,145 [INFO] PluginManage:359 - Loaded plugin ddr (category:tool,tabindex:6)
2023-10-12 20:05:31,145 [INFO] PluginManage:310 - Check plugin filemanager
2023-10-12 20:05:31,248 [INFO] PluginManage:359 - Loaded plugin filemanager (category:base,tabindex:10)
2023-10-12 20:05:31,248 [INFO] PluginManage:310 - Check plugin ipmanager
2023-10-12 20:05:31,254 [INFO] PluginManage:359 - Loaded plugin ipmanager (category:base,tabindex:5)
2023-10-12 20:05:31,254 [INFO] PluginManage:310 - Check plugin lpbam
2023-10-12 20:05:31,268 [INFO] PluginManage:359 - Loaded plugin lpbam (category:base,tabindex:0)
2023-10-12 20:05:31,268 [INFO] PluginManage:310 - Check plugin memorymap
2023-10-12 20:05:31,287 [INFO] PluginManage:359 - Loaded plugin memorymap (category:base,tabindex:4)
2023-10-12 20:05:31,287 [INFO] PluginManage:310 - Check plugin pinoutandconfiguration
2023-10-12 20:05:31,301 [INFO] PluginManage:359 - Loaded plugin pinoutandconfiguration (category:base,tabindex:1)
2023-10-12 20:05:31,301 [INFO] PluginManage:310 - Check plugin pinoutconfig
2023-10-12 20:05:31,371 [WARN] SupportedApi:132 - Cannot load RTOS API schema: s4s-elt-must-match.1: The content of 'definitions' must match (annotation?, (simpleType | complexType)?, (unique | key | keyref)*)). A problem was found starting at: attribute.
2023-10-12 20:05:31,470 [INFO] PluginManage:359 - Loaded plugin pinoutconfig (category:base,tabindex:0)
2023-10-12 20:05:31,470 [INFO] PluginManage:310 - Check plugin power
2023-10-12 20:05:31,487 [INFO] PluginManage:359 - Loaded plugin power (category:power,tabindex:4)
2023-10-12 20:05:31,487 [INFO] PluginManage:310 - Check plugin projectmanager
2023-10-12 20:05:31,498 [INFO] PluginManage:359 - Loaded plugin projectmanager (category:projectmanager,tabindex:3)
2023-10-12 20:05:31,498 [INFO] PluginManage:310 - Check plugin thirdparty
2023-10-12 20:05:31,689 [INFO] PluginManage:359 - Loaded plugin thirdparty (category:base,tabindex:-1)
2023-10-12 20:05:31,689 [WARN] IntegrityCheckThread:84 - waiting for thirdparty lock release [integrity check]
2023-10-12 20:05:31,689 [INFO] PluginManage:310 - Check plugin tools
2023-10-12 20:05:31,689 [INFO] IntegrityCheckThread:86 - entering critical section [integrity check]
2023-10-12 20:05:31,690 [INFO] ThirdPartyUpdaterWithRetryManager:70 - Updater plugin not ready yet. [1/15]
2023-10-12 20:05:31,713 [INFO] PluginManage:359 - Loaded plugin tools (category:base,tabindex:7)
2023-10-12 20:05:31,713 [INFO] PluginManage:310 - Check plugin tutovideos
2023-10-12 20:05:31,867 [INFO] PluginManage:359 - Loaded plugin tutovideos (category:base,tabindex:-1)
2023-10-12 20:05:31,867 [INFO] PluginManage:310 - Check plugin updater
2023-10-12 20:05:31,877 [INFO] PluginManage:359 - Loaded plugin updater (category:base,tabindex:12)
2023-10-12 20:05:31,877 [INFO] PluginManage:310 - Check plugin userauth
2023-10-12 20:05:31,881 [INFO] UserAuth:113 - Init User Auth plugin
2023-10-12 20:05:31,881 [INFO] PluginManage:359 - Loaded plugin userauth (category:base,tabindex:14)
2023-10-12 20:05:31,882 [INFO] PluginManage:283 - PluginManage : Loaded plugins [17]
2023-10-12 20:05:32,047 [INFO] PinOutPanel:1499 - setPackage(No Configuration,No Configuration)
2023-10-12 20:05:32,136 [INFO] CADModel:165 - CPN selected for project level
2023-10-12 20:05:32,136 [INFO] CADModel:114 - Register for checkConnection events
2023-10-12 20:05:32,156 [INFO] IPUIPlugin:80 - create IPUIPlugin
2023-10-12 20:05:32,156 [INFO] PluginManager:220 - loadIPPluginJar : add adc
2023-10-12 20:05:32,180 [INFO] IPUIPlugin:80 - create IPUIPlugin
2023-10-12 20:05:32,180 [INFO] PluginManager:220 - loadIPPluginJar : add aes
2023-10-12 20:05:32,208 [INFO] IPUIPlugin:80 - create IPUIPlugin
2023-10-12 20:05:32,208 [INFO] PluginManager:220 - loadIPPluginJar : add can
2023-10-12 20:05:32,223 [INFO] IPUIPlugin:80 - create IPUIPlugin
2023-10-12 20:05:32,223 [INFO] PluginManager:220 - loadIPPluginJar : add comp
2023-10-12 20:05:32,246 [INFO] IPUIPlugin:80 - create IPUIPlugin
2023-10-12 20:05:32,246 [INFO] PluginManager:220 - loadIPPluginJar : add cryp
2023-10-12 20:05:32,266 [INFO] IPUIPlugin:80 - create IPUIPlugin
2023-10-12 20:05:32,266 [INFO] PluginManager:220 - loadIPPluginJar : add dfsdm
2023-10-12 20:05:32,277 [INFO] IPUIPlugin:80 - create IPUIPlugin
2023-10-12 20:05:32,278 [INFO] PluginManager:220 - loadIPPluginJar : add dma
2023-10-12 20:05:32,306 [INFO] IPUIPlugin:80 - create IPUIPlugin
2023-10-12 20:05:32,307 [INFO] PluginManager:220 - loadIPPluginJar : add dma3
2023-10-12 20:05:32,321 [INFO] IPUIPlugin:80 - create IPUIPlugin
2023-10-12 20:05:32,321 [INFO] PluginManager:220 - loadIPPluginJar : add fatfs
2023-10-12 20:05:32,353 [INFO] IPUIPlugin:80 - create IPUIPlugin
2023-10-12 20:05:32,353 [INFO] PluginManager:220 - loadIPPluginJar : add fmc
2023-10-12 20:05:32,365 [INFO] IPUIPlugin:80 - create IPUIPlugin
2023-10-12 20:05:32,365 [INFO] PluginManager:220 - loadIPPluginJar : add freertos
2023-10-12 20:05:32,380 [INFO] IPUIPlugin:80 - create IPUIPlugin
2023-10-12 20:05:32,380 [INFO] PluginManager:220 - loadIPPluginJar : add genericplugin
2023-10-12 20:05:32,441 [INFO] IPUIPlugin:80 - create IPUIPlugin
2023-10-12 20:05:32,441 [INFO] PluginManager:220 - loadIPPluginJar : add gfxmmu
2023-10-12 20:05:32,531 [INFO] IPUIPlugin:80 - create IPUIPlugin
2023-10-12 20:05:32,531 [INFO] PluginManager:220 - loadIPPluginJar : add gic
2023-10-12 20:05:32,541 [INFO] IPUIPlugin:80 - create IPUIPlugin
2023-10-12 20:05:32,541 [INFO] PluginManager:220 - loadIPPluginJar : add gpio
2023-10-12 20:05:32,602 [INFO] IPUIPlugin:80 - create IPUIPlugin
2023-10-12 20:05:32,603 [INFO] PluginManager:220 - loadIPPluginJar : add gtzc
2023-10-12 20:05:32,623 [INFO] IPUIPlugin:80 - create IPUIPlugin
2023-10-12 20:05:32,623 [INFO] PluginManager:220 - loadIPPluginJar : add hash
2023-10-12 20:05:32,659 [INFO] IPUIPlugin:80 - create IPUIPlugin
2023-10-12 20:05:32,659 [INFO] PluginManager:220 - loadIPPluginJar : add i2c
2023-10-12 20:05:32,685 [INFO] IPUIPlugin:80 - create IPUIPlugin
2023-10-12 20:05:32,685 [INFO] PluginManager:220 - loadIPPluginJar : add i2s
2023-10-12 20:05:32,712 [INFO] IPUIPlugin:80 - create IPUIPlugin
2023-10-12 20:05:32,712 [INFO] PluginManager:220 - loadIPPluginJar : add i3c
2023-10-12 20:05:32,784 [INFO] IPUIPlugin:80 - create IPUIPlugin
2023-10-12 20:05:32,784 [INFO] PluginManager:220 - loadIPPluginJar : add ipddr
2023-10-12 20:05:32,844 [INFO] IPUIPlugin:80 - create IPUIPlugin
2023-10-12 20:05:32,844 [INFO] PluginManager:220 - loadIPPluginJar : add linkedlist
2023-10-12 20:05:32,867 [INFO] IPUIPlugin:80 - create IPUIPlugin
2023-10-12 20:05:32,868 [INFO] PluginManager:220 - loadIPPluginJar : add lorawan
2023-10-12 20:05:32,892 [INFO] IPUIPlugin:80 - create IPUIPlugin
2023-10-12 20:05:32,892 [INFO] PluginManager:220 - loadIPPluginJar : add ltdc
2023-10-12 20:05:32,903 [INFO] IPUIPlugin:80 - create IPUIPlugin
2023-10-12 20:05:32,903 [INFO] PluginManager:220 - loadIPPluginJar : add mdma
2023-10-12 20:05:32,912 [INFO] IPUIPlugin:80 - create IPUIPlugin
2023-10-12 20:05:32,913 [INFO] PluginManager:220 - loadIPPluginJar : add nvic
2023-10-12 20:05:32,937 [INFO] IPUIPlugin:80 - create IPUIPlugin
2023-10-12 20:05:32,937 [INFO] PluginManager:220 - loadIPPluginJar : add opamp
2023-10-12 20:05:32,976 [INFO] IPUIPlugin:80 - create IPUIPlugin
2023-10-12 20:05:32,976 [INFO] PluginManager:220 - loadIPPluginJar : add openamp
2023-10-12 20:05:33,004 [INFO] IPUIPlugin:80 - create IPUIPlugin
2023-10-12 20:05:33,005 [INFO] PluginManager:220 - loadIPPluginJar : add pdm2pcm
2023-10-12 20:05:33,015 [INFO] IPUIPlugin:80 - create IPUIPlugin
2023-10-12 20:05:33,017 [INFO] PluginManager:220 - loadIPPluginJar : add plateformsettings
2023-10-12 20:05:33,032 [INFO] IPUIPlugin:80 - create IPUIPlugin
2023-10-12 20:05:33,032 [INFO] PluginManager:220 - loadIPPluginJar : add quadspi
2023-10-12 20:05:33,041 [INFO] IPUIPlugin:80 - create IPUIPlugin
2023-10-12 20:05:33,042 [INFO] PluginManager:220 - loadIPPluginJar : add resmgrutility
2023-10-12 20:05:33,075 [INFO] IPUIPlugin:80 - create IPUIPlugin
2023-10-12 20:05:33,075 [INFO] PluginManager:220 - loadIPPluginJar : add sai
2023-10-12 20:05:33,100 [INFO] IPUIPlugin:80 - create IPUIPlugin
2023-10-12 20:05:33,100 [INFO] PluginManager:220 - loadIPPluginJar : add spi
2023-10-12 20:05:33,138 [INFO] IPUIPlugin:80 - create IPUIPlugin
2023-10-12 20:05:33,138 [INFO] PluginManager:220 - loadIPPluginJar : add stm32_wpan
2023-10-12 20:05:33,154 [INFO] IPUIPlugin:80 - create IPUIPlugin
2023-10-12 20:05:33,154 [INFO] PluginManager:220 - loadIPPluginJar : add tim
2023-10-12 20:05:33,191 [INFO] IPUIPlugin:80 - create IPUIPlugin
2023-10-12 20:05:33,191 [INFO] PluginManager:220 - loadIPPluginJar : add touchsensing
2023-10-12 20:05:33,206 [INFO] IPUIPlugin:80 - create IPUIPlugin
2023-10-12 20:05:33,206 [INFO] PluginManager:220 - loadIPPluginJar : add tracer_emb
2023-10-12 20:05:33,222 [INFO] IPUIPlugin:80 - create IPUIPlugin
2023-10-12 20:05:33,222 [INFO] PluginManager:220 - loadIPPluginJar : add ts
2023-10-12 20:05:33,237 [INFO] IPUIPlugin:80 - create IPUIPlugin
2023-10-12 20:05:33,237 [INFO] PluginManager:220 - loadIPPluginJar : add tsc
2023-10-12 20:05:33,252 [INFO] IPUIPlugin:80 - create IPUIPlugin
2023-10-12 20:05:33,252 [INFO] PluginManager:220 - loadIPPluginJar : add ucpd
2023-10-12 20:05:33,281 [INFO] IPUIPlugin:80 - create IPUIPlugin
2023-10-12 20:05:33,281 [INFO] PluginManager:220 - loadIPPluginJar : add usart
2023-10-12 20:05:33,309 [INFO] IPUIPlugin:80 - create IPUIPlugin
2023-10-12 20:05:33,309 [INFO] PluginManager:220 - loadIPPluginJar : add usbx
2023-10-12 20:05:33,411 [INFO] CADModel:165 - CPN selected for project level
2023-10-12 20:05:33,412 [INFO] CADModel:114 - Register for checkConnection events
2023-10-12 20:05:33,412 [FATAL] Updater:308 - Updater called before beeing initialized
2023-10-12 20:05:33,412 [ERROR] CADModel:125 - Updater not yet initialized, retry later 
2023-10-12 20:05:33,508 [INFO] CADModel:165 - CPN selected for project level
2023-10-12 20:05:33,508 [INFO] CADModel:114 - Register for checkConnection events
2023-10-12 20:05:33,508 [FATAL] Updater:308 - Updater called before beeing initialized
2023-10-12 20:05:33,508 [ERROR] CADModel:125 - Updater not yet initialized, retry later 
2023-10-12 20:05:33,512 [FATAL] Updater:308 - Updater called before beeing initialized
2023-10-12 20:05:33,590 [FATAL] Updater:308 - Updater called before beeing initialized
2023-10-12 20:05:33,598 [INFO] DbMcusAds:53 - JSON generation date=Tue Mar 07 05:50:55 ART 2023 (1678179055114)
2023-10-12 20:05:33,598 [FATAL] Updater:308 - Updater called before beeing initialized
2023-10-12 20:05:33,633 [WARN] DetailPanel:346 - Failed to get advertising image, set to default
2023-10-12 20:05:33,701 [FATAL] Updater:308 - Updater called before beeing initialized
2023-10-12 20:05:33,703 [FATAL] Updater:308 - Updater called before beeing initialized
2023-10-12 20:05:33,703 [FATAL] Updater:308 - Updater called before beeing initialized
2023-10-12 20:05:33,703 [WARN] DetailPanel:346 - Failed to get advertising image, set to default
2023-10-12 20:05:33,703 [FATAL] Updater:308 - Updater called before beeing initialized
2023-10-12 20:05:33,743 [ERROR] Updater:1120 - MainUpdater not yet initialized. External WinMGr cannot be set.
2023-10-12 20:05:33,751 [INFO] Updater:1056 - Updater Version found : 6.9.1
2023-10-12 20:05:33,767 [INFO] ApplicationProperties:184 - Using Application install path: C:\ST\STM32CubeIDE_1.13.1\STM32CubeIDE\plugins\com.st.stm32cube.common.mx_6.9.1.202307191849
2023-10-12 20:05:33,902 [INFO] MainUpdater:2868 - connection check result : 10
2023-10-12 20:05:33,902 [INFO] MainUpdater:3562 - Updater definition file requires update
2023-10-12 20:05:33,903 [INFO] MainUpdater:285 - Updater Check For Update Now.
2023-10-12 20:05:33,903 [INFO] MicroXplorer:498 - Change Database Version : DB.6.0.91
2023-10-12 20:05:33,915 [INFO] McuFinderGlobals:63 - Set McuFinder mode to 2 (CubeIDE integrated)
2023-10-12 20:05:34,179 [INFO] ServerAccessManage:473 - Download File updaters.zip
2023-10-12 20:05:34,295 [INFO] FileExtend:240 - Unzip File : updaters.zip
2023-10-12 20:05:34,295 [INFO] FileExtend:255 - Standard Zip Deflate
2023-10-12 20:05:34,643 [INFO] ServerAccessManage:473 - Download File PacksControlFlags.xml
2023-10-12 20:05:34,691 [WARN] MainUpdater:1189 - Updater busy. Cannot search thirdparties
2023-10-12 20:05:34,691 [INFO] ThirdPartyUpdaterWithRetryManager:96 - Updater plugin is busy. [1/15]
2023-10-12 20:05:34,736 [INFO] ServerAccessManage:473 - Download File cubemx.pidx
2023-10-12 20:05:34,803 [INFO] LoadServerUpdatesThread:373 - End of LoadServerUpdate Thread
2023-10-12 20:05:34,947 [INFO] CheckServerUpdateThread:120 - End of CheckServer Thread
2023-10-12 20:05:37,799 [WARN] PackLoader:240 - Cannot read IP mode file for STMicroelectronics.X-CUBE-SMBUS.2.1.0
2023-10-12 20:05:37,830 [WARN] PackLoader:240 - Cannot read IP mode file for STMicroelectronics.X-CUBE-AZRTOS-F7.1.1.0
2023-10-12 20:05:37,845 [WARN] PackLoader:240 - Cannot read IP mode file for STMicroelectronics.FP-SNS-MOTENV1.4.3.2
2023-10-12 20:05:37,857 [WARN] PackLoader:240 - Cannot read IP mode file for STMicroelectronics.X-CUBE-BLE1.6.2.4
2023-10-12 20:05:37,866 [WARN] PackLoader:240 - Cannot read IP mode file for STMicroelectronics.FP-SNS-FLIGHT1.5.0.2
2023-10-12 20:05:37,877 [WARN] PackLoader:240 - Cannot read IP mode file for STMicroelectronics.X-CUBE-DISPLAY.3.0.0
2023-10-12 20:05:37,889 [WARN] PackLoader:240 - Cannot read IP mode file for STMicroelectronics.X-CUBE-BLE1.7.0.0
2023-10-12 20:05:37,898 [WARN] PackLoader:240 - Cannot read IP mode file for emotas.I-CUBE-CANOPEN.1.3.0
2023-10-12 20:05:37,907 [WARN] PackLoader:240 - Cannot read IP mode file for STMicroelectronics.X-CUBE-TOUCHGFX.4.22.0
2023-10-12 20:05:37,915 [WARN] PackLoader:240 - Cannot read IP mode file for STMicroelectronics.X-CUBE-TOUCHGFX.4.22.1
2023-10-12 20:05:37,923 [WARN] PackLoader:240 - Cannot read IP mode file for STMicroelectronics.FP-SNS-SMARTAG2.1.2.0
2023-10-12 20:05:37,938 [INFO] LogOutputStream:77 - [STDOUT_REDIRECT] 1 : Invalid condition id : UX_CORESTACK_Condition cause : null
2023-10-12 20:05:37,938 [INFO] LogOutputStream:77 - [STDOUT_REDIRECT] 1 : Invalid condition id : UX_CORESTACK_Condition cause : null
2023-10-12 20:05:37,939 [INFO] LogOutputStream:77 - [STDOUT_REDIRECT] 1 : Invalid condition id : UX_CORESTACK_Condition cause : null
2023-10-12 20:05:37,940 [INFO] LogOutputStream:77 - [STDOUT_REDIRECT] 1 : Invalid condition id : UX_CORESTACK_Condition cause : null
2023-10-12 20:05:37,941 [INFO] LogOutputStream:77 - [STDOUT_REDIRECT] 1 : Invalid condition id : UX_CORESTACK_Condition cause : null
2023-10-12 20:05:37,943 [WARN] PackLoader:240 - Cannot read IP mode file for STMicroelectronics.X-CUBE-AZRTOS-WL.2.0.0
2023-10-12 20:05:37,954 [WARN] PackLoader:240 - Cannot read IP mode file for WES.I-CUBE-Cesium.1.3.0
2023-10-12 20:05:37,963 [WARN] PackLoader:240 - Cannot read IP mode file for STMicroelectronics.X-CUBE-BLE2.3.3.0
2023-10-12 20:05:37,972 [WARN] PackLoader:240 - Cannot read IP mode file for STMicroelectronics.X-CUBE-ALGOBUILD.1.3.0
2023-10-12 20:05:37,994 [WARN] PackLoader:240 - Cannot read IP mode file for STMicroelectronics.X-CUBE-AZRTOS-G0.1.1.0
2023-10-12 20:05:38,005 [WARN] PackLoader:240 - Cannot read IP mode file for STMicroelectronics.X-CUBE-NFC4.3.0.0
2023-10-12 20:05:38,013 [WARN] PackLoader:240 - Cannot read IP mode file for STMicroelectronics.FP-ATR-SIGFOX1.3.2.0
2023-10-12 20:05:38,042 [WARN] PackLoader:240 - Cannot read IP mode file for SEGGER.I-CUBE-embOS.1.3.1
2023-10-12 20:05:38,077 [WARN] PackLoader:240 - Cannot read IP mode file for STMicroelectronics.X-CUBE-GNSS1.6.0.0
2023-10-12 20:05:38,100 [WARN] PackLoader:240 - Cannot read IP mode file for STMicroelectronics.X-CUBE-AZRTOS-F4.1.1.0
2023-10-12 20:05:38,110 [WARN] PackLoader:240 - Cannot read IP mode file for wolfSSL.I-CUBE-wolfSSL.5.6.3
2023-10-12 20:05:38,133 [WARN] PackLoader:240 - Cannot read IP mode file for STMicroelectronics.X-CUBE-AZRTOS-L5.2.0.0
2023-10-12 20:05:38,174 [WARN] PackLoader:240 - Cannot read IP mode file for STMicroelectronics.X-CUBE-MEMS1.9.6.0
2023-10-12 20:05:38,282 [WARN] PackLoader:240 - Cannot read IP mode file for ITTIA_DB.I-CUBE-ITTIADB.8.8.0
2023-10-12 20:05:38,294 [WARN] PackLoader:240 - Cannot read IP mode file for STMicroelectronics.X-CUBE-BLEMGR.2.0.0
2023-10-12 20:05:38,322 [WARN] ConditionMgr:438 - getConditionDescription Invalid condition id : UX DEVICE CLASS RTOS Condition cause : null
2023-10-12 20:05:38,322 [WARN] ConditionMgr:438 - getConditionDescription Invalid condition id : UX DEVICE CLASS RTOS Condition cause : null
2023-10-12 20:05:38,324 [WARN] PackLoader:240 - Cannot read IP mode file for STMicroelectronics.X-CUBE-AZRTOS-H7.3.1.0
2023-10-12 20:05:38,325 [WARN] ConditionMgr:1039 - genDependencies : Invalid condition id : UX DEVICE CLASS RTOS Condition cause : null
2023-10-12 20:05:38,325 [WARN] ConditionMgr:1039 - genDependencies : Invalid condition id : UX DEVICE CLASS RTOS Condition cause : null
2023-10-12 20:05:38,326 [WARN] ConditionMgr:1039 - genDependencies : Invalid condition id : UX DEVICE CLASS RTOS Condition cause : null
2023-10-12 20:05:38,326 [WARN] ConditionMgr:1039 - genDependencies : Invalid condition id : UX DEVICE CLASS RTOS Condition cause : null
2023-10-12 20:05:38,326 [WARN] ConditionMgr:1039 - genDependencies : Invalid condition id : UX DEVICE CLASS RTOS Condition cause : null
2023-10-12 20:05:38,338 [WARN] PackLoader:240 - Cannot read IP mode file for STMicroelectronics.X-CUBE-NFC7.1.0.1
2023-10-12 20:05:38,350 [WARN] PackLoader:240 - Cannot read IP mode file for STMicroelectronics.X-CUBE-NFC6.3.0.0
2023-10-12 20:05:38,362 [WARN] PackLoader:240 - Cannot read IP mode file for STMicroelectronics.X-CUBE-EEPRMA1.4.1.0
2023-10-12 20:05:38,372 [WARN] PackLoader:240 - Cannot read IP mode file for STMicroelectronics.X-CUBE-AI.8.1.0
2023-10-12 20:05:38,397 [WARN] ConditionMgr:438 - getConditionDescription Invalid condition id : LAN8742 Phy interface Condition cause : null
2023-10-12 20:05:38,398 [WARN] PackLoader:240 - Cannot read IP mode file for STMicroelectronics.X-CUBE-AZRTOS-L4.2.0.0
2023-10-12 20:05:38,398 [WARN] ConditionMgr:1039 - genDependencies : Invalid condition id : LAN8742 Phy interface Condition cause : null
2023-10-12 20:05:38,399 [WARN] ConditionMgr:1039 - genDependencies : Invalid condition id : LAN8742 Phy interface Condition cause : null
2023-10-12 20:05:38,399 [WARN] ConditionMgr:1039 - genDependencies : Invalid condition id : LAN8742 Phy interface Condition cause : null
2023-10-12 20:05:38,412 [WARN] PackLoader:240 - Cannot read IP mode file for STMicroelectronics.X-CUBE-SFXS2LP1.4.0.0
2023-10-12 20:05:38,423 [WARN] PackLoader:240 - Cannot read IP mode file for STMicroelectronics.X-CUBE-ISPU.1.1.0
2023-10-12 20:05:38,445 [WARN] ConditionMgr:438 - getConditionDescription Invalid condition id : UX DEVICE CLASS RTOS Condition cause : null
2023-10-12 20:05:38,445 [WARN] ConditionMgr:438 - getConditionDescription Invalid condition id : UX DEVICE CLASS RTOS Condition cause : null
2023-10-12 20:05:38,447 [WARN] PackLoader:240 - Cannot read IP mode file for STMicroelectronics.X-CUBE-AZRTOS-WB.2.0.0
2023-10-12 20:05:38,447 [WARN] ConditionMgr:1039 - genDependencies : Invalid condition id : UX DEVICE CLASS RTOS Condition cause : null
2023-10-12 20:05:38,448 [WARN] ConditionMgr:1039 - genDependencies : Invalid condition id : UX DEVICE CLASS RTOS Condition cause : null
2023-10-12 20:05:38,448 [WARN] ConditionMgr:1039 - genDependencies : Invalid condition id : UX DEVICE CLASS RTOS Condition cause : null
2023-10-12 20:05:38,448 [WARN] ConditionMgr:1039 - genDependencies : Invalid condition id : UX DEVICE CLASS RTOS Condition cause : null
2023-10-12 20:05:38,448 [WARN] ConditionMgr:1039 - genDependencies : Invalid condition id : UX DEVICE CLASS RTOS Condition cause : null
2023-10-12 20:05:38,459 [WARN] PackLoader:240 - Cannot read IP mode file for STMicroelectronics.X-CUBE-FREERTOS.1.0.1
2023-10-12 20:05:38,483 [WARN] PackLoader:240 - Cannot read IP mode file for STMicroelectronics.X-CUBE-AZRTOS-L5.1.1.0
2023-10-12 20:05:38,501 [WARN] PackLoader:240 - Cannot read IP mode file for STMicroelectronics.X-CUBE-SUBG2.5.0.0
2023-10-12 20:05:38,522 [WARN] PackLoader:240 - Cannot read IP mode file for STMicroelectronics.X-CUBE-TOF1.3.3.1
2023-10-12 20:05:38,554 [WARN] PackLoader:240 - Cannot read IP mode file for STMicroelectronics.X-CUBE-AZRTOS-G4.2.0.0
2023-10-12 20:05:38,574 [WARN] PackLoader:240 - Cannot read IP mode file for Infineon.AIROC-Wi-Fi-Bluetooth-STM32.1.5.1
2023-10-12 20:05:38,587 [WARN] PackLoader:240 - Cannot read IP mode file for STMicroelectronics.X-CUBE-FREERTOS.1.1.0
2023-10-12 20:05:38,598 [WARN] PackLoader:240 - Cannot read IP mode file for portGmbH.I-Cube-SoM-uGOAL.1.1.0
2023-10-12 20:05:38,609 [WARN] PackLoader:240 - Cannot read IP mode file for STMicroelectronics.X-CUBE-ALS.1.0.1
2023-10-12 20:05:38,630 [WARN] PackLoader:240 - Cannot read IP mode file for STMicroelectronics.X-CUBE-AZRTOS-WB.1.1.0
2023-10-12 20:05:38,641 [WARN] PackLoader:240 - Cannot read IP mode file for STMicroelectronics.FP-ATR-ASTRA1.2.0.0
2023-10-12 20:05:38,641 [INFO] ThirdParty:978 - Integrity check success = true
2023-10-12 20:05:38,642 [INFO] IntegrityCheckThread:100 - exiting critical section [integrity check]
2023-10-12 20:05:38,642 [INFO] IntegrityCheckThread:103 - End integrity checks thread
2023-10-12 20:05:55,278 [ERROR] LogOutputStream:75 - [STDERR_REDIRECT] SLF4J: Failed to load class "org.slf4j.impl.StaticLoggerBinder".
2023-10-12 20:05:55,279 [ERROR] LogOutputStream:75 - [STDERR_REDIRECT] SLF4J: Defaulting to no-operation (NOP) logger implementation
2023-10-12 20:05:55,279 [ERROR] LogOutputStream:75 - [STDERR_REDIRECT] SLF4J: See http://www.slf4j.org/codes.html#StaticLoggerBinder for further details.
2023-10-12 20:47:24,293 [ERROR] ConfigurationRetriever:142 - IOException on connection: Read timed out
